current: STOP
state:
OPEN
FAR
Distance: Infinity
Touch:  0.00
Touch:  0.00
current: BACK
state:
OPEN
FAR
Distance: Infinity
Touch:  0.00
Touch:  0.00
current: BACK
state:
OPEN
FAR
Distance: Infinity
Touch:  0.00
Touch:  0.00
current: STOP
state:
OPEN
FAR
Distance:  1.82
Touch:  0.00
Touch:  0.00
current: STOP
state:
OPEN
FAR
Distance: Infinity
Touch:  0.00
Touch:  0.00
current: BACK
state:
OPEN
FAR
Distance: Infinity
Touch:  0.00
Touch:  0.00
current: BACK
state:
OPEN
FAR
Distance: Infinity
Touch:  0.00
Touch:  0.00
current: BACK
state:
OPEN
FAR
Distance: Infinity
Touch:  0.00
Touch:  0.00
current: BACK
state:
OPEN
FAR
Distance:  1.98
Touch:  0.00
Touch:  0.00
current: BACK
state:
OPEN
FAR
Distance: Infinity
Touch:  0.00
Touch:  0.00
current: BACK
state:
OPEN
FAR
Distance: Infinity
Touch:  0.00
Touch:  0.00
current: BACK
state:
OPEN
FAR
Distance: Infinity
Touch:  0.00
Touch:  0.00
current: BACK
state:
OPEN
FAR
Distance: Infinity
Touch:  0.00
Touch:  0.00
current: BACK
state:
OPEN
FAR
Distance: Infinity
Touch:  0.00
Touch:  0.00
current: BACK
state:
OPEN
FAR
Distance: Infinity
Touch:  0.00
Touch:  0.00
current: BACK
state:
OPEN
FAR
Distance: Infinity
Touch:  0.00
Touch:  0.00
current: BACK
state:
OPEN
FAR
Distance: Infinity
Touch:  0.00
Touch:  0.00
current: BACK
state:
OPEN
FAR
Distance: Infinity
Touch:  0.00
Touch:  0.00
current: BACK
state:
OPEN
FAR
Distance: Infinity
Touch:  0.00
Touch:  0.00
current: BACK
state:
OPEN
FAR
Distance: Infinity
Touch:  0.00
Touch:  0.00
current: BACK
state:
OPEN
FAR
Distance: Infinity
Touch:  0.00
Touch:  0.00
current: BACK
state:
OPEN
FAR
Distance: Infinity
Touch:  0.00
Touch:  0.00
current: BACK
state:
OPEN
FAR
Distance: Infinity
Touch:  0.00
Touch:  0.00
current: BACK
state:
OPEN
FAR
Distance: Infinity
Touch:  0.00
Touch:  0.00
current: BACK
state:
OPEN
FAR
Distance: Infinity
Touch:  0.00
Touch:  0.00
current: BACK
state:
OPEN
FAR
Distance: Infinity
Touch:  0.00
Touch:  0.00
current: BACK
state:
OPEN
FAR
Distance: Infinity
Touch:  0.00
Touch:  0.00
current: BACK
state:
OPEN
FAR
Distance: Infinity
Touch:  0.00
Touch:  0.00
current: BACK
state:
OPEN
FAR
Distance: Infinity
Touch:  0.00
Touch:  0.00
current: BACK
state:
OPEN
FAR
Distance: Infinity
Touch:  0.00
Touch:  0.00
current: BACK
state:
OPEN
FAR
Distance: Infinity
Touch:  0.00
Touch:  0.00
current: BACK
state:
OPEN
FAR
Distance: Infinity
Touch:  0.00
Touch:  0.00
current: BACK
state:
OPEN
FAR
Distance: Infinity
Touch:  0.00
Touch:  0.00
current: BACK
state:
OPEN
FAR
Distance: Infinity
Touch:  0.00
Touch:  0.00
current: BACK
state:
OPEN
FAR
Distance: Infinity
Touch:  0.00
Touch:  0.00
current: BACK
state:
OPEN
FAR
Distance: Infinity
Touch:  0.00
Touch:  0.00
current: BACK
state:
OPEN
FAR
Distance: Infinity
Touch:  0.00
Touch:  0.00
current: BACK
state:
OPEN
FAR
Distance: Infinity
Touch:  0.00
Touch:  0.00
current: BACK
state:
OPEN
FAR
Distance: Infinity
Touch:  0.00
Touch:  0.00
current: BACK
state:
OPEN
FAR
Distance: Infinity
Touch:  0.00
Touch:  0.00
current: BACK
state:
OPEN
FAR
Distance: Infinity
Touch:  0.00
Touch:  0.00
current: BACK
state:
OPEN
FAR
Distance: Infinity
Touch:  0.00
Touch:  0.00
current: BACK
state:
OPEN
FAR
Distance: Infinity
Touch:  0.00
Touch:  0.00
current: BACK
state:
OPEN
FAR
Distance: Infinity
Touch:  0.00
Touch:  0.00
current: BACK
state:
OPEN
FAR
Distance: Infinity
Touch:  0.00
Touch:  0.00
current: BACK
state:
OPEN
FAR
Distance: Infinity
Touch:  0.00
Touch:  0.00
current: BACK
state:
OPEN
FAR
Distance: Infinity
Touch:  0.00
Touch:  0.00
current: BACK
state:
OPEN
FAR
Distance: Infinity
Touch:  0.00
Touch:  0.00
current: BACK
state:
OPEN
FAR
Distance: Infinity
Touch:  0.00
Touch:  0.00
current: BACK
state:
OPEN
FAR
Distance: Infinity
Touch:  0.00
Touch:  0.00
current: BACK
state:
OPEN
FAR
Distance: Infinity
Touch:  0.00
Touch:  0.00
current: BACK
state:
OPEN
FAR
Distance: Infinity
Touch:  0.00
Touch:  0.00
current: BACK
state:
OPEN
FAR
Distance:  1.87
Touch:  0.00
Touch:  0.00
current: BACK
state:
OPEN
FAR
Distance: Infinity
Touch:  0.00
Touch:  0.00
current: BACK
state:
OPEN
FAR
Distance: Infinity
Touch:  0.00
Touch:  0.00
current: BACK
state:
OPEN
FAR
Distance: Infinity
Touch:  0.00
Touch:  0.00
current: BACK
state:
OPEN
FAR
Distance: Infinity
Touch:  0.00
Touch:  0.00
current: BACK
state:
OPEN
FAR
Distance: Infinity
Touch:  0.00
Touch:  0.00
current: BACK
state:
OPEN
FAR
Distance: Infinity
Touch:  0.00
Touch:  0.00
current: BACK
state:
OPEN
FAR
Distance:  2.08
Touch:  0.00
Touch:  0.00
current: BACK
state:
OPEN
FAR
Distance: Infinity
Touch:  0.00
Touch:  0.00
current: BACK
state:
OPEN
FAR
Distance: Infinity
Touch:  0.00
Touch:  0.00
current: BACK
state:
OPEN
FAR
Distance: Infinity
Touch:  0.00
Touch:  0.00
current: BACK
state:
OPEN
FAR
Distance: Infinity
Touch:  0.00
Touch:  0.00
current: BACK
state:
OPEN
FAR
Distance: Infinity
Touch:  0.00
Touch:  0.00
current: BACK
state:
OPEN
FAR
Distance: Infinity
Touch:  0.00
Touch:  0.00
current: BACK
state:
OPEN
FAR
Distance: Infinity
Touch:  0.00
Touch:  0.00
current: BACK
state:
OPEN
FAR
Distance: Infinity
Touch:  0.00
Touch:  0.00
current: BACK
state:
OPEN
FAR
Distance: Infinity
Touch:  0.00
Touch:  0.00
current: BACK
state:
OPEN
FAR
Distance:  2.24
Touch:  0.00
Touch:  0.00
current: BACK
state:
OPEN
FAR
Distance:  2.18
Touch:  0.00
Touch:  0.00
current: BACK
state:
OPEN
FAR
Distance: Infinity
Touch:  0.00
Touch:  0.00
current: BACK
state:
OPEN
FAR
Distance: Infinity
Touch:  0.00
Touch:  0.00
current: BACK
state:
OPEN
FAR
Distance: Infinity
Touch:  0.00
Touch:  0.00
current: BACK
state:
OPEN
FAR
Distance: Infinity
Touch:  0.00
Touch:  0.00
current: BACK
state:
OPEN
FAR
Distance: Infinity
Touch:  0.00
Touch:  0.00
current: BACK
state:
OPEN
FAR
Distance: Infinity
Touch:  0.00
Touch:  0.00
current: BACK
state:
OPEN
FAR
Distance: Infinity
Touch:  0.00
Touch:  0.00
current: BACK
state:
OPEN
FAR
Distance: Infinity
Touch:  0.00
Touch:  0.00
current: BACK
state:
OPEN
FAR
Distance: Infinity
Touch:  0.00
Touch:  0.00
current: BACK
state:
OPEN
FAR
Distance: Infinity
Touch:  0.00
Touch:  0.00
current: BACK
state:
OPEN
FAR
Distance: Infinity
Touch:  0.00
Touch:  0.00
current: BACK
state:
OPEN
FAR
Distance: Infinity
Touch:  0.00
Touch:  0.00
current: BACK
state:
OPEN
FAR
Distance:  2.11
Touch:  0.00
Touch:  0.00
current: BACK
state:
OPEN
FAR
Distance: Infinity
Touch:  0.00
Touch:  0.00
current: BACK
state:
OPEN
FAR
Distance: Infinity
Touch:  0.00
Touch:  0.00
current: BACK
state:
OPEN
FAR
Distance: Infinity
Touch:  0.00
Touch:  0.00
current: BACK
state:
OPEN
FAR
Distance: Infinity
Touch:  0.00
Touch:  0.00
current: BACK
state:
OPEN
FAR
Distance:  1.99
Touch:  0.00
Touch:  0.00
current: BACK
state:
OPEN
FAR
Distance:  1.85
Touch:  0.00
Touch:  0.00
current: BACK
state:
OPEN
FAR
Distance:  1.73
Touch:  0.00
Touch:  0.00
current: BACK
state:
OPEN
FAR
Distance: Infinity
Touch:  0.00
Touch:  0.00
current: BACK
state:
OPEN
FAR
Distance:  1.42
Touch:  0.00
Touch:  0.00
current: BACK
state:
OPEN
FAR
Distance:  1.36
Touch:  0.00
Touch:  0.00
current: BACK
state:
OPEN
FAR
Distance:  1.31
Touch:  0.00
Touch:  0.00
current: BACK
state:
OPEN
FAR
Distance:  1.34
Touch:  0.00
Touch:  0.00
current: BACK
state:
OPEN
FAR
Distance:  1.37
Touch:  0.00
Touch:  0.00
current: BACK
state:
OPEN
FAR
Distance:  1.36
Touch:  0.00
Touch:  0.00
current: BACK
state:
OPEN
FAR
Distance:  1.38
Touch:  0.00
Touch:  0.00
current: BACK
state:
OPEN
FAR
Distance:  1.48
Touch:  0.00
Touch:  0.00
current: BACK
state:
OPEN
FAR
Distance:  1.43
Touch:  0.00
Touch:  0.00
current: BACK
state:
OPEN
FAR
Distance:  1.50
Touch:  0.00
Touch:  0.00
current: BACK
state:
OPEN
FAR
Distance:  1.52
Touch:  0.00
Touch:  0.00
current: BACK
state:
OPEN
FAR
Distance: Infinity
Touch:  0.00
Touch:  0.00
current: BACK
state:
OPEN
FAR
Distance:  1.55
Touch:  0.00
Touch:  0.00
current: BACK
state:
OPEN
FAR
Distance: Infinity
Touch:  0.00
Touch:  0.00
current: BACK
state:
OPEN
FAR
Distance:  1.58
Touch:  0.00
Touch:  0.00
current: BACK
state:
OPEN
FAR
Distance: Infinity
Touch:  0.00
Touch:  0.00
current: BACK
state:
OPEN
FAR
Distance:  1.68
Touch:  0.00
Touch:  0.00
current: BACK
state:
OPEN
FAR
Distance:  1.57
Touch:  0.00
Touch:  0.00
current: BACK
state:
OPEN
FAR
Distance: Infinity
Touch:  0.00
Touch:  0.00
current: BACK
state:
OPEN
FAR
Distance: Infinity
Touch:  0.00
Touch:  0.00
current: BACK
state:
OPEN
FAR
Distance:  1.72
Touch:  0.00
Touch:  0.00
current: BACK
state:
OPEN
FAR
Distance:  1.63
Touch:  0.00
Touch:  0.00
current: BACK
state:
OPEN
FAR
Distance:  1.62
Touch:  0.00
Touch:  0.00
current: BACK
state:
OPEN
FAR
Distance: Infinity
Touch:  0.00
Touch:  0.00
current: BACK
state:
OPEN
FAR
Distance: Infinity
Touch:  0.00
Touch:  0.00
current: STOP
state:
OPEN
CLOSE
Distance:  0.10
Touch:  0.00
Touch:  0.00
current: BACK
state:
OPEN
CLOSE
Distance:  0.04
Touch:  0.00
Touch:  0.00
current: BACK
state:
OPEN
CLOSE
Distance:  0.07
Touch:  0.00
Touch:  0.00
current: STOP
state:
OPEN
CLOSE
Distance:  0.15
Touch:  0.00
Touch:  0.00
current: STOP
state:
BUMPED
OPEN
CLOSE
Distance:  0.04
Touch:  1.00
Touch:  0.00
current: STOP
state:
BUMPED
CLOSE
Distance:  0.05
Touch:  1.00
Touch:  1.00
current: BACK
state:
BUMPED
CLOSE
Distance:  0.03
Touch:  1.00
Touch:  1.00
current: BACK
state:
OPEN
CLOSE
Distance:  0.04
Touch:  0.00
Touch:  0.00
current: STOP
state:
OPEN
CLOSE
Distance:  0.14
Touch:  0.00
Touch:  0.00
current: BACK
state:
OPEN
CLOSE
Distance:  0.04
Touch:  0.00
Touch:  0.00
current: BACK
state:
OPEN
CLOSE
Distance:  0.03
Touch:  0.00
Touch:  0.00
current: BACK
state:
OPEN
CLOSE
Distance:  0.03
Touch:  0.00
Touch:  0.00
current: BACK
state:
OPEN
CLOSE
Distance:  0.03
Touch:  0.00
Touch:  0.00
current: BACK
state:
OPEN
CLOSE
Distance:  0.03
Touch:  0.00
Touch:  0.00
current: BACK
state:
OPEN
CLOSE
Distance:  0.10
Touch:  0.00
Touch:  0.00
current: BACK
state:
OPEN
CLOSE
Distance:  0.15
Touch:  0.00
Touch:  0.00
current: STOP
state:
OPEN
MID
Distance:  0.22
Touch:  0.00
Touch:  0.00
current: BACK
state:
OPEN
CLOSE
Distance:  0.20
Touch:  0.00
Touch:  0.00
current: BACK
state:
OPEN
CLOSE
Distance:  0.20
Touch:  0.00
Touch:  0.00
current: STOP
state:
OPEN
FAR
Distance: Infinity
Touch:  0.00
Touch:  0.00
current: BACK
state:
OPEN
CLOSE
Distance:  0.05
Touch:  0.00
Touch:  0.00
current: BACK
state:
OPEN
CLOSE
Distance:  0.06
Touch:  0.00
Touch:  0.00
current: BACK
state:
OPEN
CLOSE
Distance:  0.11
Touch:  0.00
Touch:  0.00
current: BACK
state:
OPEN
CLOSE
Distance:  0.11
Touch:  0.00
Touch:  0.00
current: BACK
state:
OPEN
CLOSE
Distance:  0.11
Touch:  0.00
Touch:  0.00
current: BACK
state:
OPEN
MID
Distance:  0.28
Touch:  0.00
Touch:  0.00
current: STOP
state:
OPEN
MID
Distance:  0.32
Touch:  0.00
Touch:  0.00
current: BACK
state:
OPEN
MID
Distance:  0.42
Touch:  0.00
Touch:  0.00
current: STOP
state:
OPEN
MID
Distance:  0.43
Touch:  0.00
Touch:  0.00
current: BACK
state:
OPEN
MID
Distance:  0.43
Touch:  0.00
Touch:  0.00
current: BACK
state:
OPEN
MID
Distance:  0.43
Touch:  0.00
Touch:  0.00
current: BACK
state:
OPEN
MID
Distance:  0.42
Touch:  0.00
Touch:  0.00
current: BACK
state:
OPEN
MID
Distance:  0.41
Touch:  0.00
Touch:  0.00
current: BACK
state:
OPEN
MID
Distance:  0.41
Touch:  0.00
Touch:  0.00
current: BACK
state:
OPEN
MID
Distance:  0.39
Touch:  0.00
Touch:  0.00
current: BACK
state:
OPEN
MID
Distance:  0.33
Touch:  0.00
Touch:  0.00
current: BACK
state:
OPEN
MID
Distance:  0.30
Touch:  0.00
Touch:  0.00
current: BACK
state:
OPEN
MID
Distance:  0.29
Touch:  0.00
Touch:  0.00
current: BACK
state:
OPEN
MID
Distance:  0.27
Touch:  0.00
Touch:  0.00
current: BACK
state:
OPEN
CLOSE
Distance:  0.20
Touch:  0.00
Touch:  0.00
current: BACK
state:
OPEN
CLOSE
Distance:  0.17
Touch:  0.00
Touch:  0.00
current: BACK
state:
OPEN
CLOSE
Distance:  0.13
Touch:  0.00
Touch:  0.00
current: BACK
state:
BUMPED
OPEN
CLOSE
Distance:  0.07
Touch:  0.00
Touch:  1.00
current: BACK
state:
BUMPED
OPEN
CLOSE
Distance:  0.04
Touch:  0.00
Touch:  1.00
current: STOP
state:
BUMPED
OPEN
CLOSE
Distance:  0.03
Touch:  0.00
Touch:  1.00
current: BACK
state:
OPEN
CLOSE
Distance:  0.14
Touch:  0.00
Touch:  0.00
current: BACK
state:
OPEN
CLOSE
Distance:  0.16
Touch:  0.00
Touch:  0.00
current: BACK
state:
OPEN
MID
Distance:  0.22
Touch:  0.00
Touch:  0.00
current: BACK
state:
OPEN
MID
Distance:  0.25
Touch:  0.00
Touch:  0.00
current: BACK
state:
OPEN
MID
Distance:  0.27
Touch:  0.00
Touch:  0.00
current: BACK
state:
OPEN
MID
Distance:  0.28
Touch:  0.00
Touch:  0.00
current: BACK
state:
OPEN
MID
Distance:  0.32
Touch:  0.00
Touch:  0.00
current: BACK
state:
OPEN
MID
Distance:  0.32
Touch:  0.00
Touch:  0.00
current: BACK
state:
OPEN
MID
Distance:  0.33
Touch:  0.00
Touch:  0.00
current: BACK
state:
OPEN
MID
Distance:  0.33
Touch:  0.00
Touch:  0.00
current: BACK
state:
OPEN
MID
Distance:  0.32
Touch:  0.00
Touch:  0.00
current: BACK
state:
OPEN
MID
Distance:  0.33
Touch:  0.00
Touch:  0.00
current: BACK
state:
OPEN
MID
Distance:  0.32
Touch:  0.00
Touch:  0.00
current: BACK
state:
OPEN
MID
Distance:  0.29
Touch:  0.00
Touch:  0.00
current: BACK
state:
OPEN
MID
Distance:  0.28
Touch:  0.00
Touch:  0.00
current: BACK
state:
OPEN
MID
Distance:  0.24
Touch:  0.00
Touch:  0.00
current: BACK
state:
OPEN
MID
Distance:  0.20
Touch:  0.00
Touch:  0.00
current: BACK
state:
OPEN
MID
Distance:  0.20
Touch:  0.00
Touch:  0.00
current: BACK
state:
OPEN
MID
Distance:  0.20
Touch:  0.00
Touch:  0.00
current: STOP
state:
BUMPED
OPEN
CLOSE
Distance:  0.05
Touch:  1.00
Touch:  0.00
current: BACK
state:
OPEN
CLOSE
Distance:  0.06
Touch:  0.00
Touch:  0.00
current: BACK
state:
OPEN
CLOSE
Distance:  0.06
Touch:  0.00
Touch:  0.00
current: BACK
state:
OPEN
CLOSE
Distance:  0.11
Touch:  0.00
Touch:  0.00
current: BACK
state:
OPEN
MID
Distance:  0.24
Touch:  0.00
Touch:  0.00
current: BACK
state:
OPEN
MID
Distance:  0.34
Touch:  0.00
Touch:  0.00
current: BACK
state:
OPEN
MID
Distance:  0.43
Touch:  0.00
Touch:  0.00
current: BACK
state:
OPEN
MID
Distance:  0.46
Touch:  0.00
Touch:  0.00
current: BACK
state:
OPEN
MID
Distance:  0.48
Touch:  0.00
Touch:  0.00
current: STOP
state:
OPEN
FAR
Distance:  0.53
Touch:  0.00
Touch:  0.00
current: STOP
state:
OPEN
FAR
Distance:  0.56
Touch:  0.00
Touch:  0.00
current: STOP
state:
OPEN
FAR
Distance:  0.57
Touch:  0.00
Touch:  0.00
current: STOP
state:
OPEN
FAR
Distance:  0.55
Touch:  0.00
Touch:  0.00
current: STOP
state:
OPEN
FAR
Distance:  0.55
Touch:  0.00
Touch:  0.00
current: STOP
state:
OPEN
FAR
Distance:  0.55
Touch:  0.00
Touch:  0.00
current: STOP
state:
OPEN
FAR
Distance:  0.53
Touch:  0.00
Touch:  0.00
current: STOP
state:
OPEN
FAR
Distance:  0.53
Touch:  0.00
Touch:  0.00
current: STOP
state:
OPEN
FAR
Distance:  0.53
Touch:  0.00
Touch:  0.00
current: STOP
state:
OPEN
FAR
Distance:  0.52
Touch:  0.00
Touch:  0.00
current: STOP
state:
OPEN
FAR
Distance:  0.52
Touch:  0.00
Touch:  0.00
current: STOP
state:
OPEN
FAR
Distance:  0.51
Touch:  0.00
Touch:  0.00
current: STOP
state:
OPEN
FAR
Distance:  0.52
Touch:  0.00
Touch:  0.00
current: STOP
state:
OPEN
FAR
Distance:  0.53
Touch:  0.00
Touch:  0.00
current: STOP
state:
OPEN
FAR
Distance:  0.53
Touch:  0.00
Touch:  0.00
current: STOP
state:
OPEN
FAR
Distance: Infinity
Touch:  0.00
Touch:  0.00
current: STOP
state:
OPEN
FAR
Distance: Infinity
Touch:  0.00
Touch:  0.00
current: STOP
state:
OPEN
FAR
Distance: Infinity
Touch:  0.00
Touch:  0.00
current: STOP
state:
OPEN
FAR
Distance: Infinity
Touch:  0.00
Touch:  0.00
current: STOP
state:
OPEN
FAR
Distance: Infinity
Touch:  0.00
Touch:  0.00
current: STOP
state:
OPEN
FAR
Distance: Infinity
Touch:  0.00
Touch:  0.00
current: STOP
state:
OPEN
FAR
Distance: Infinity
Touch:  0.00
Touch:  0.00
current: STOP
state:
OPEN
FAR
Distance: Infinity
Touch:  0.00
Touch:  0.00
current: STOP
state:
OPEN
FAR
Distance: Infinity
Touch:  0.00
Touch:  0.00
current: STOP
state:
OPEN
FAR
Distance: Infinity
Touch:  0.00
Touch:  0.00
current: STOP
state:
OPEN
FAR
Distance: Infinity
Touch:  0.00
Touch:  0.00
current: STOP
state:
OPEN
FAR
Distance: Infinity
Touch:  0.00
Touch:  0.00
current: STOP
state:
OPEN
FAR
Distance: Infinity
Touch:  0.00
Touch:  0.00
current: STOP
state:
OPEN
FAR
Distance: Infinity
Touch:  0.00
Touch:  0.00
current: STOP
state:
OPEN
FAR
Distance: Infinity
Touch:  0.00
Touch:  0.00
current: STOP
state:
OPEN
FAR
Distance: Infinity
Touch:  0.00
Touch:  0.00
current: STOP
state:
OPEN
FAR
Distance: Infinity
Touch:  0.00
Touch:  0.00
current: STOP
state:
OPEN
FAR
Distance: Infinity
Touch:  0.00
Touch:  0.00
current: STOP
state:
OPEN
FAR
Distance: Infinity
Touch:  0.00
Touch:  0.00
current: STOP
state:
OPEN
FAR
Distance: Infinity
Touch:  0.00
Touch:  0.00
current: STOP
state:
OPEN
FAR
Distance: Infinity
Touch:  0.00
Touch:  0.00
current: STOP
state:
OPEN
FAR
Distance: Infinity
Touch:  0.00
Touch:  0.00
current: STOP
state:
OPEN
FAR
Distance:  0.52
Touch:  0.00
Touch:  0.00
current: STOP
state:
OPEN
FAR
Distance:  0.52
Touch:  0.00
Touch:  0.00
current: BACK
state:
OPEN
MID
Distance:  0.36
Touch:  0.00
Touch:  0.00
current: BACK
state:
OPEN
MID
Distance:  0.29
Touch:  0.00
Touch:  0.00
current: BACK
state:
OPEN
MID
Distance:  0.26
Touch:  0.00
Touch:  0.00
current: BACK
state:
OPEN
MID
Distance:  0.25
Touch:  0.00
Touch:  0.00
current: BACK
state:
OPEN
MID
Distance:  0.26
Touch:  0.00
Touch:  0.00
current: BACK
state:
OPEN
MID
Distance:  0.27
Touch:  0.00
Touch:  0.00
current: BACK
state:
OPEN
MID
Distance:  0.29
Touch:  0.00
Touch:  0.00
current: BACK
state:
OPEN
MID
Distance:  0.33
Touch:  0.00
Touch:  0.00
current: BACK
state:
OPEN
MID
Distance:  0.45
Touch:  0.00
Touch:  0.00
current: BACK
state:
OPEN
MID
Distance:  0.45
Touch:  0.00
Touch:  0.00
current: STOP
state:
OPEN
FAR
Distance:  0.57
Touch:  0.00
Touch:  0.00
current: STOP
state:
OPEN
FAR
Distance: Infinity
Touch:  0.00
Touch:  0.00
current: STOP
state:
OPEN
FAR
Distance: Infinity
Touch:  0.00
Touch:  0.00
current: STOP
state:
OPEN
FAR
Distance:  0.79
Touch:  0.00
Touch:  0.00
current: STOP
state:
OPEN
FAR
Distance:  0.78
Touch:  0.00
Touch:  0.00
current: STOP
state:
OPEN
FAR
Distance: Infinity
Touch:  0.00
Touch:  0.00
current: STOP
state:
OPEN
FAR
Distance: Infinity
Touch:  0.00
Touch:  0.00
current: STOP
state:
OPEN
FAR
Distance:  0.76
Touch:  0.00
Touch:  0.00
current: STOP
state:
OPEN
FAR
Distance:  0.76
Touch:  0.00
Touch:  0.00
current: STOP
state:
OPEN
FAR
Distance:  0.76
Touch:  0.00
Touch:  0.00
current: STOP
state:
OPEN
FAR
Distance:  0.76
Touch:  0.00
Touch:  0.00
current: STOP
state:
OPEN
FAR
Distance:  0.76
Touch:  0.00
Touch:  0.00
current: STOP
state:
OPEN
FAR
Distance:  0.76
Touch:  0.00
Touch:  0.00
current: STOP
state:
OPEN
FAR
Distance:  0.76
Touch:  0.00
Touch:  0.00
current: STOP
state:
OPEN
FAR
Distance:  0.76
Touch:  0.00
Touch:  0.00
current: STOP
state:
OPEN
FAR
Distance:  0.76
Touch:  0.00
Touch:  0.00
current: STOP
state:
OPEN
FAR
Distance:  0.76
Touch:  0.00
Touch:  0.00
current: STOP
state:
OPEN
FAR
Distance:  0.76
Touch:  0.00
Touch:  0.00
current: STOP
state:
OPEN
FAR
Distance:  0.59
Touch:  0.00
Touch:  0.00
current: STOP
state:
OPEN
FAR
Distance:  0.59
Touch:  0.00
Touch:  0.00
current: STOP
state:
OPEN
FAR
Distance:  0.58
Touch:  0.00
Touch:  0.00
current: STOP
state:
OPEN
FAR
Distance:  0.57
Touch:  0.00
Touch:  0.00
current: STOP
state:
OPEN
FAR
Distance:  0.56
Touch:  0.00
Touch:  0.00
current: STOP
state:
OPEN
FAR
Distance:  0.55
Touch:  0.00
Touch:  0.00
current: STOP
state:
OPEN
FAR
Distance:  0.53
Touch:  0.00
Touch:  0.00
current: STOP
state:
OPEN
FAR
Distance:  0.52
Touch:  0.00
Touch:  0.00
current: STOP
state:
OPEN
FAR
Distance:  0.50
Touch:  0.00
Touch:  0.00
current: BACK
state:
OPEN
MID
Distance:  0.49
Touch:  0.00
Touch:  0.00
current: BACK
state:
OPEN
MID
Distance:  0.47
Touch:  0.00
Touch:  0.00
current: BACK
state:
OPEN
MID
Distance:  0.46
Touch:  0.00
Touch:  0.00
current: BACK
state:
OPEN
MID
Distance:  0.45
Touch:  0.00
Touch:  0.00
current: BACK
state:
OPEN
MID
Distance:  0.44
Touch:  0.00
Touch:  0.00
current: BACK
state:
OPEN
MID
Distance:  0.44
Touch:  0.00
Touch:  0.00
current: BACK
state:
OPEN
MID
Distance:  0.44
Touch:  0.00
Touch:  0.00
current: BACK
state:
OPEN
MID
Distance:  0.44
Touch:  0.00
Touch:  0.00
current: BACK
state:
OPEN
MID
Distance:  0.43
Touch:  0.00
Touch:  0.00
current: BACK
state:
OPEN
MID
Distance:  0.43
Touch:  0.00
Touch:  0.00
current: BACK
state:
OPEN
MID
Distance:  0.41
Touch:  0.00
Touch:  0.00
current: BACK
state:
OPEN
MID
Distance:  0.41
Touch:  0.00
Touch:  0.00
current: BACK
state:
OPEN
MID
Distance:  0.40
Touch:  0.00
Touch:  0.00
current: BACK
state:
OPEN
MID
Distance:  0.40
Touch:  0.00
Touch:  0.00
current: BACK
state:
OPEN
MID
Distance:  0.39
Touch:  0.00
Touch:  0.00
current: BACK
state:
OPEN
MID
Distance:  0.38
Touch:  0.00
Touch:  0.00
current: BACK
state:
OPEN
MID
Distance:  0.38
Touch:  0.00
Touch:  0.00
current: BACK
state:
OPEN
MID
Distance:  0.35
Touch:  0.00
Touch:  0.00
current: BACK
state:
OPEN
MID
Distance:  0.33
Touch:  0.00
Touch:  0.00
current: BACK
state:
OPEN
MID
Distance:  0.32
Touch:  0.00
Touch:  0.00
current: BACK
state:
OPEN
MID
Distance:  0.33
Touch:  0.00
Touch:  0.00
current: BACK
state:
OPEN
MID
Distance:  0.32
Touch:  0.00
Touch:  0.00
current: BACK
state:
OPEN
MID
Distance:  0.32
Touch:  0.00
Touch:  0.00
current: BACK
state:
OPEN
MID
Distance:  0.32
Touch:  0.00
Touch:  0.00
current: BACK
state:
OPEN
MID
Distance:  0.32
Touch:  0.00
Touch:  0.00
current: BACK
state:
OPEN
MID
Distance:  0.32
Touch:  0.00
Touch:  0.00
current: BACK
state:
OPEN
MID
Distance:  0.32
Touch:  0.00
Touch:  0.00
current: BACK
state:
OPEN
MID
Distance:  0.32
Touch:  0.00
Touch:  0.00
current: BACK
state:
OPEN
MID
Distance:  0.32
Touch:  0.00
Touch:  0.00
current: BACK
state:
OPEN
MID
Distance:  0.31
Touch:  0.00
Touch:  0.00
current: BACK
state:
OPEN
MID
Distance:  0.30
Touch:  0.00
Touch:  0.00
current: BACK
state:
OPEN
MID
Distance:  0.30
Touch:  0.00
Touch:  0.00
current: BACK
state:
OPEN
MID
Distance:  0.30
Touch:  0.00
Touch:  0.00
current: BACK
state:
OPEN
MID
Distance:  0.30
Touch:  0.00
Touch:  0.00
current: BACK
state:
OPEN
MID
Distance:  0.30
Touch:  0.00
Touch:  0.00
current: BACK
state:
OPEN
MID
Distance:  0.32
Touch:  0.00
Touch:  0.00
current: BACK
state:
OPEN
MID
Distance:  0.35
Touch:  0.00
Touch:  0.00
current: BACK
state:
OPEN
MID
Distance:  0.46
Touch:  0.00
Touch:  0.00
current: STOP
state:
OPEN
FAR
Distance:  0.51
Touch:  0.00
Touch:  0.00
current: STOP
state:
OPEN
FAR
Distance:  0.73
Touch:  0.00
Touch:  0.00
current: STOP
state:
OPEN
FAR
Distance:  0.77
Touch:  0.00
Touch:  0.00
current: STOP
state:
OPEN
FAR
Distance: Infinity
Touch:  0.00
Touch:  0.00
current: STOP
state:
OPEN
FAR
Distance: Infinity
Touch:  0.00
Touch:  0.00
current: STOP
state:
OPEN
FAR
Distance: Infinity
Touch:  0.00
Touch:  0.00
current: STOP
state:
OPEN
FAR
Distance:  0.86
Touch:  0.00
Touch:  0.00
current: STOP
state:
OPEN
FAR
Distance:  0.96
Touch:  0.00
Touch:  0.00
current: STOP
state:
OPEN
FAR
Distance: Infinity
Touch:  0.00
Touch:  0.00
current: STOP
state:
OPEN
FAR
Distance: Infinity
Touch:  0.00
Touch:  0.00
current: STOP
state:
OPEN
FAR
Distance: Infinity
Touch:  0.00
Touch:  0.00
current: STOP
state:
OPEN
FAR
Distance: Infinity
Touch:  0.00
Touch:  0.00
current: STOP
state:
OPEN
FAR
Distance: Infinity
Touch:  0.00
Touch:  0.00
current: STOP
state:
OPEN
FAR
Distance: Infinity
Touch:  0.00
Touch:  0.00
current: STOP
state:
OPEN
FAR
Distance: Infinity
Touch:  0.00
Touch:  0.00
current: STOP
state:
OPEN
FAR
Distance: Infinity
Touch:  0.00
Touch:  0.00
current: STOP
state:
OPEN
FAR
Distance: Infinity
Touch:  0.00
Touch:  0.00
current: STOP
state:
OPEN
FAR
Distance: Infinity
Touch:  0.00
Touch:  0.00
current: STOP
state:
OPEN
FAR
Distance: Infinity
Touch:  0.00
Touch:  0.00
current: STOP
state:
OPEN
FAR
Distance: Infinity
Touch:  0.00
Touch:  0.00
current: STOP
state:
OPEN
FAR
Distance: Infinity
Touch:  0.00
Touch:  0.00
current: STOP
state:
OPEN
FAR
Distance: Infinity
Touch:  0.00
Touch:  0.00
current: STOP
state:
OPEN
FAR
Distance: Infinity
Touch:  0.00
Touch:  0.00
current: STOP
state:
OPEN
FAR
Distance: Infinity
Touch:  0.00
Touch:  0.00
current: STOP
state:
OPEN
FAR
Distance: Infinity
Touch:  0.00
Touch:  0.00
current: STOP
state:
OPEN
FAR
Distance: Infinity
Touch:  0.00
Touch:  0.00
current: STOP
state:
OPEN
FAR
Distance: Infinity
Touch:  0.00
Touch:  0.00
current: STOP
state:
OPEN
FAR
Distance: Infinity
Touch:  0.00
Touch:  0.00
current: STOP
state:
OPEN
FAR
Distance: Infinity
Touch:  0.00
Touch:  0.00
current: STOP
state:
OPEN
FAR
Distance: Infinity
Touch:  0.00
Touch:  0.00
current: STOP
state:
OPEN
FAR
Distance: Infinity
Touch:  0.00
Touch:  0.00
current: STOP
state:
OPEN
FAR
Distance: Infinity
Touch:  0.00
Touch:  0.00
current: STOP
state:
OPEN
FAR
Distance: Infinity
Touch:  0.00
Touch:  0.00
current: STOP
state:
OPEN
FAR
Distance: Infinity
Touch:  0.00
Touch:  0.00
current: STOP
state:
OPEN
FAR
Distance: Infinity
Touch:  0.00
Touch:  0.00
current: STOP
state:
OPEN
FAR
Distance: Infinity
Touch:  0.00
Touch:  0.00
current: STOP
state:
OPEN
FAR
Distance: Infinity
Touch:  0.00
Touch:  0.00
current: STOP
state:
OPEN
FAR
Distance: Infinity
Touch:  0.00
Touch:  0.00
current: STOP
state:
OPEN
FAR
Distance: Infinity
Touch:  0.00
Touch:  0.00
current: STOP
state:
OPEN
FAR
Distance: Infinity
Touch:  0.00
Touch:  0.00
current: STOP
state:
OPEN
FAR
Distance: Infinity
Touch:  0.00
Touch:  0.00
current: STOP
state:
OPEN
FAR
Distance: Infinity
Touch:  0.00
Touch:  0.00
current: STOP
state:
OPEN
FAR
Distance: Infinity
Touch:  0.00
Touch:  0.00
current: STOP
state:
OPEN
FAR
Distance: Infinity
Touch:  0.00
Touch:  0.00
current: STOP
state:
OPEN
FAR
Distance: Infinity
Touch:  0.00
Touch:  0.00
current: STOP
state:
OPEN
FAR
Distance: Infinity
Touch:  0.00
Touch:  0.00
current: STOP
state:
OPEN
FAR
Distance: Infinity
Touch:  0.00
Touch:  0.00
current: STOP
state:
OPEN
FAR
Distance: Infinity
Touch:  0.00
Touch:  0.00
current: STOP
state:
OPEN
FAR
Distance: Infinity
Touch:  0.00
Touch:  0.00
current: STOP
state:
OPEN
FAR
Distance: Infinity
Touch:  0.00
Touch:  0.00
current: STOP
state:
OPEN
FAR
Distance: Infinity
Touch:  0.00
Touch:  0.00
current: STOP
state:
OPEN
FAR
Distance: Infinity
Touch:  0.00
Touch:  0.00
current: STOP
state:
OPEN
FAR
Distance: Infinity
Touch:  0.00
Touch:  0.00
current: STOP
state:
OPEN
FAR
Distance: Infinity
Touch:  0.00
Touch:  0.00
current: STOP
state:
OPEN
FAR
Distance: Infinity
Touch:  0.00
Touch:  0.00
current: STOP
state:
OPEN
FAR
Distance: Infinity
Touch:  0.00
Touch:  0.00
current: STOP
state:
OPEN
FAR
Distance: Infinity
Touch:  0.00
Touch:  0.00
current: STOP
state:
OPEN
FAR
Distance: Infinity
Touch:  0.00
Touch:  0.00
current: STOP
state:
OPEN
FAR
Distance: Infinity
Touch:  0.00
Touch:  0.00
current: STOP
state:
OPEN
FAR
Distance: Infinity
Touch:  0.00
Touch:  0.00
current: STOP
state:
OPEN
FAR
Distance: Infinity
Touch:  0.00
Touch:  0.00
current: STOP
state:
OPEN
FAR
Distance: Infinity
Touch:  0.00
Touch:  0.00
current: STOP
state:
OPEN
FAR
Distance: Infinity
Touch:  0.00
Touch:  0.00
current: STOP
state:
OPEN
FAR
Distance: Infinity
Touch:  0.00
Touch:  0.00
current: STOP
state:
OPEN
FAR
Distance: Infinity
Touch:  0.00
Touch:  0.00
current: STOP
state:
OPEN
FAR
Distance: Infinity
Touch:  0.00
Touch:  0.00
current: STOP
state:
OPEN
FAR
Distance: Infinity
Touch:  0.00
Touch:  0.00
current: STOP
state:
OPEN
FAR
Distance: Infinity
Touch:  0.00
Touch:  0.00
current: STOP
state:
OPEN
FAR
Distance: Infinity
Touch:  0.00
Touch:  0.00
current: STOP
state:
OPEN
FAR
Distance: Infinity
Touch:  0.00
Touch:  0.00
current: STOP
state:
OPEN
FAR
Distance: Infinity
Touch:  0.00
Touch:  0.00
current: STOP
state:
OPEN
FAR
Distance: Infinity
Touch:  0.00
Touch:  0.00
current: STOP
state:
OPEN
FAR
Distance: Infinity
Touch:  0.00
Touch:  0.00
current: STOP
state:
OPEN
FAR
Distance: Infinity
Touch:  0.00
Touch:  0.00
current: STOP
state:
OPEN
FAR
Distance: Infinity
Touch:  0.00
Touch:  0.00
current: STOP
state:
OPEN
FAR
Distance: Infinity
Touch:  0.00
Touch:  0.00
current: STOP
state:
OPEN
FAR
Distance: Infinity
Touch:  0.00
Touch:  0.00
current: STOP
state:
OPEN
FAR
Distance:  0.78
Touch:  0.00
Touch:  0.00
current: STOP
state:
OPEN
FAR
Distance:  0.78
Touch:  0.00
Touch:  0.00
current: STOP
state:
OPEN
FAR
Distance:  0.78
Touch:  0.00
Touch:  0.00
current: STOP
state:
OPEN
FAR
Distance:  0.78
Touch:  0.00
Touch:  0.00
current: STOP
state:
OPEN
FAR
Distance:  0.55
Touch:  0.00
Touch:  0.00
current: BACK
state:
OPEN
MID
Distance:  0.50
Touch:  0.00
Touch:  0.00
current: BACK
state:
OPEN
MID
Distance:  0.45
Touch:  0.00
Touch:  0.00
current: BACK
state:
OPEN
MID
Distance:  0.42
Touch:  0.00
Touch:  0.00
current: BACK
state:
OPEN
MID
Distance:  0.38
Touch:  0.00
Touch:  0.00
current: BACK
state:
OPEN
MID
Distance:  0.36
Touch:  0.00
Touch:  0.00
current: BACK
state:
OPEN
MID
Distance:  0.34
Touch:  0.00
Touch:  0.00
current: BACK
state:
OPEN
MID
Distance:  0.34
Touch:  0.00
Touch:  0.00
current: BACK
state:
OPEN
MID
Distance:  0.33
Touch:  0.00
Touch:  0.00
current: BACK
state:
OPEN
MID
Distance:  0.32
Touch:  0.00
Touch:  0.00
current: BACK
state:
OPEN
MID
Distance:  0.33
Touch:  0.00
Touch:  0.00
current: BACK
state:
OPEN
MID
Distance:  0.32
Touch:  0.00
Touch:  0.00
current: BACK
state:
OPEN
MID
Distance:  0.29
Touch:  0.00
Touch:  0.00
current: BACK
state:
OPEN
MID
Distance:  0.28
Touch:  0.00
Touch:  0.00
current: BACK
state:
OPEN
MID
Distance:  0.28
Touch:  0.00
Touch:  0.00
current: BACK
state:
OPEN
MID
Distance:  0.27
Touch:  0.00
Touch:  0.00
current: BACK
state:
OPEN
MID
Distance:  0.27
Touch:  0.00
Touch:  0.00
current: BACK
state:
OPEN
MID
Distance:  0.27
Touch:  0.00
Touch:  0.00
current: BACK
state:
OPEN
MID
Distance:  0.27
Touch:  0.00
Touch:  0.00
current: BACK
state:
OPEN
MID
Distance:  0.27
Touch:  0.00
Touch:  0.00
current: BACK
state:
OPEN
MID
Distance:  0.27
Touch:  0.00
Touch:  0.00
current: BACK
state:
OPEN
MID
Distance:  0.28
Touch:  0.00
Touch:  0.00
current: BACK
state:
OPEN
MID
Distance:  0.29
Touch:  0.00
Touch:  0.00
current: BACK
state:
OPEN
MID
Distance:  0.33
Touch:  0.00
Touch:  0.00
current: BACK
state:
OPEN
MID
Distance:  0.35
Touch:  0.00
Touch:  0.00
current: BACK
state:
OPEN
MID
Distance:  0.42
Touch:  0.00
Touch:  0.00
current: BACK
state:
OPEN
MID
Distance:  0.44
Touch:  0.00
Touch:  0.00
current: STOP
state:
OPEN
FAR
Distance:  0.59
Touch:  0.00
Touch:  0.00
current: STOP
state:
OPEN
FAR
Distance: Infinity
Touch:  0.00
Touch:  0.00
current: STOP
state:
OPEN
FAR
Distance: Infinity
Touch:  0.00
Touch:  0.00
current: STOP
state:
OPEN
FAR
Distance: Infinity
Touch:  0.00
Touch:  0.00
current: STOP
state:
OPEN
FAR
Distance: Infinity
Touch:  0.00
Touch:  0.00
current: STOP
state:
OPEN
FAR
Distance: Infinity
Touch:  0.00
Touch:  0.00
current: STOP
state:
OPEN
FAR
Distance: Infinity
Touch:  0.00
Touch:  0.00
current: STOP
state:
OPEN
FAR
Distance: Infinity
Touch:  0.00
Touch:  0.00
current: STOP
state:
OPEN
FAR
Distance: Infinity
Touch:  0.00
Touch:  0.00
current: STOP
state:
OPEN
FAR
Distance: Infinity
Touch:  0.00
Touch:  0.00
current: STOP
state:
OPEN
FAR
Distance: Infinity
Touch:  0.00
Touch:  0.00
current: STOP
state:
OPEN
FAR
Distance: Infinity
Touch:  0.00
Touch:  0.00
current: STOP
state:
OPEN
FAR
Distance: Infinity
Touch:  0.00
Touch:  0.00
current: STOP
state:
OPEN
FAR
Distance: Infinity
Touch:  0.00
Touch:  0.00
current: STOP
state:
OPEN
FAR
Distance: Infinity
Touch:  0.00
Touch:  0.00
current: STOP
state:
OPEN
FAR
Distance: Infinity
Touch:  0.00
Touch:  0.00
current: STOP
state:
OPEN
FAR
Distance: Infinity
Touch:  0.00
Touch:  0.00
current: STOP
state:
OPEN
FAR
Distance: Infinity
Touch:  0.00
Touch:  0.00
current: STOP
state:
OPEN
FAR
Distance: Infinity
Touch:  0.00
Touch:  0.00
current: STOP
state:
OPEN
FAR
Distance: Infinity
Touch:  0.00
Touch:  0.00
current: STOP
state:
OPEN
FAR
Distance: Infinity
Touch:  0.00
Touch:  0.00
current: STOP
state:
OPEN
FAR
Distance: Infinity
Touch:  0.00
Touch:  0.00
current: STOP
state:
OPEN
FAR
Distance: Infinity
Touch:  0.00
Touch:  0.00
current: STOP
state:
OPEN
FAR
Distance: Infinity
Touch:  0.00
Touch:  0.00
current: STOP
state:
OPEN
FAR
Distance: Infinity
Touch:  0.00
Touch:  0.00
current: STOP
state:
OPEN
FAR
Distance: Infinity
Touch:  0.00
Touch:  0.00
current: STOP
state:
OPEN
FAR
Distance: Infinity
Touch:  0.00
Touch:  0.00
current: STOP
state:
OPEN
FAR
Distance: Infinity
Touch:  0.00
Touch:  0.00
current: STOP
state:
OPEN
FAR
Distance: Infinity
Touch:  0.00
Touch:  0.00
current: STOP
state:
OPEN
FAR
Distance: Infinity
Touch:  0.00
Touch:  0.00
current: STOP
state:
OPEN
FAR
Distance: Infinity
Touch:  0.00
Touch:  0.00
current: STOP
state:
OPEN
FAR
Distance: Infinity
Touch:  0.00
Touch:  0.00
current: STOP
state:
OPEN
FAR
Distance: Infinity
Touch:  0.00
Touch:  0.00
current: STOP
state:
OPEN
FAR
Distance: Infinity
Touch:  0.00
Touch:  0.00
current: STOP
state:
OPEN
FAR
Distance: Infinity
Touch:  0.00
Touch:  0.00
current: STOP
state:
OPEN
FAR
Distance: Infinity
Touch:  0.00
Touch:  0.00
current: STOP
state:
OPEN
FAR
Distance: Infinity
Touch:  0.00
Touch:  0.00
current: STOP
state:
OPEN
FAR
Distance: Infinity
Touch:  0.00
Touch:  0.00
current: STOP
state:
OPEN
FAR
Distance: Infinity
Touch:  0.00
Touch:  0.00
current: STOP
state:
OPEN
FAR
Distance: Infinity
Touch:  0.00
Touch:  0.00
current: STOP
state:
OPEN
FAR
Distance: Infinity
Touch:  0.00
Touch:  0.00
current: STOP
state:
OPEN
FAR
Distance: Infinity
Touch:  0.00
Touch:  0.00
current: STOP
state:
OPEN
FAR
Distance: Infinity
Touch:  0.00
Touch:  0.00
current: STOP
state:
OPEN
FAR
Distance: Infinity
Touch:  0.00
Touch:  0.00
current: STOP
state:
OPEN
FAR
Distance: Infinity
Touch:  0.00
Touch:  0.00
current: STOP
state:
OPEN
FAR
Distance: Infinity
Touch:  0.00
Touch:  0.00
current: STOP
state:
OPEN
FAR
Distance: Infinity
Touch:  0.00
Touch:  0.00
current: STOP
state:
OPEN
FAR
Distance: Infinity
Touch:  0.00
Touch:  0.00
current: STOP
state:
OPEN
FAR
Distance: Infinity
Touch:  0.00
Touch:  0.00
current: STOP
state:
OPEN
FAR
Distance: Infinity
Touch:  0.00
Touch:  0.00
current: STOP
state:
OPEN
FAR
Distance: Infinity
Touch:  0.00
Touch:  0.00
current: STOP
state:
OPEN
FAR
Distance: Infinity
Touch:  0.00
Touch:  0.00
current: STOP
state:
OPEN
FAR
Distance: Infinity
Touch:  0.00
Touch:  0.00
current: STOP
state:
OPEN
FAR
Distance: Infinity
Touch:  0.00
Touch:  0.00
current: STOP
state:
OPEN
FAR
Distance: Infinity
Touch:  0.00
Touch:  0.00
current: STOP
state:
OPEN
FAR
Distance: Infinity
Touch:  0.00
Touch:  0.00
current: STOP
state:
OPEN
FAR
Distance: Infinity
Touch:  0.00
Touch:  0.00
current: STOP
state:
OPEN
FAR
Distance: Infinity
Touch:  0.00
Touch:  0.00
current: STOP
state:
OPEN
FAR
Distance: Infinity
Touch:  0.00
Touch:  0.00
current: STOP
state:
OPEN
FAR
Distance: Infinity
Touch:  0.00
Touch:  0.00
current: STOP
state:
OPEN
FAR
Distance: Infinity
Touch:  0.00
Touch:  0.00
current: STOP
state:
OPEN
FAR
Distance: Infinity
Touch:  0.00
Touch:  0.00
current: STOP
state:
OPEN
FAR
Distance: Infinity
Touch:  0.00
Touch:  0.00
current: STOP
state:
OPEN
FAR
Distance: Infinity
Touch:  0.00
Touch:  0.00
current: STOP
state:
OPEN
FAR
Distance: Infinity
Touch:  0.00
Touch:  0.00
current: STOP
state:
OPEN
FAR
Distance: Infinity
Touch:  0.00
Touch:  0.00
current: STOP
state:
OPEN
FAR
Distance: Infinity
Touch:  0.00
Touch:  0.00
current: STOP
state:
OPEN
FAR
Distance: Infinity
Touch:  0.00
Touch:  0.00
current: STOP
state:
OPEN
FAR
Distance: Infinity
Touch:  0.00
Touch:  0.00
current: STOP
state:
OPEN
FAR
Distance: Infinity
Touch:  0.00
Touch:  0.00
current: STOP
state:
OPEN
FAR
Distance: Infinity
Touch:  0.00
Touch:  0.00
current: STOP
state:
OPEN
FAR
Distance: Infinity
Touch:  0.00
Touch:  0.00
current: STOP
state:
OPEN
FAR
Distance: Infinity
Touch:  0.00
Touch:  0.00
current: STOP
state:
OPEN
FAR
Distance: Infinity
Touch:  0.00
Touch:  0.00
current: STOP
state:
OPEN
FAR
Distance: Infinity
Touch:  0.00
Touch:  0.00
current: STOP
state:
OPEN
FAR
Distance: Infinity
Touch:  0.00
Touch:  0.00
current: STOP
state:
OPEN
FAR
Distance: Infinity
Touch:  0.00
Touch:  0.00
current: STOP
state:
OPEN
FAR
Distance: Infinity
Touch:  0.00
Touch:  0.00
current: STOP
state:
OPEN
FAR
Distance: Infinity
Touch:  0.00
Touch:  0.00
current: STOP
state:
OPEN
FAR
Distance: Infinity
Touch:  0.00
Touch:  0.00
current: STOP
state:
OPEN
FAR
Distance: Infinity
Touch:  0.00
Touch:  0.00
current: STOP
state:
OPEN
FAR
Distance: Infinity
Touch:  0.00
Touch:  0.00
current: STOP
state:
OPEN
FAR
Distance: Infinity
Touch:  0.00
Touch:  0.00
current: STOP
state:
OPEN
FAR
Distance: Infinity
Touch:  0.00
Touch:  0.00
current: STOP
state:
OPEN
FAR
Distance: Infinity
Touch:  0.00
Touch:  0.00
current: STOP
state:
OPEN
FAR
Distance: Infinity
Touch:  0.00
Touch:  0.00
current: STOP
state:
OPEN
FAR
Distance: Infinity
Touch:  0.00
Touch:  0.00
current: STOP
state:
OPEN
FAR
Distance: Infinity
Touch:  0.00
Touch:  0.00
current: STOP
state:
OPEN
FAR
Distance: Infinity
Touch:  0.00
Touch:  0.00
current: STOP
state:
OPEN
FAR
Distance: Infinity
Touch:  0.00
Touch:  0.00
current: STOP
state:
OPEN
FAR
Distance: Infinity
Touch:  0.00
Touch:  0.00
current: STOP
state:
OPEN
FAR
Distance: Infinity
Touch:  0.00
Touch:  0.00
current: STOP
state:
OPEN
FAR
Distance: Infinity
Touch:  0.00
Touch:  0.00
current: STOP
state:
OPEN
FAR
Distance: Infinity
Touch:  0.00
Touch:  0.00
current: STOP
state:
OPEN
FAR
Distance:  0.73
Touch:  0.00
Touch:  0.00
current: STOP
state:
OPEN
FAR
Distance:  0.73
Touch:  0.00
Touch:  0.00
current: STOP
state:
OPEN
FAR
Distance:  0.73
Touch:  0.00
Touch:  0.00
current: STOP
state:
OPEN
FAR
Distance:  0.73
Touch:  0.00
Touch:  0.00
current: BACK
state:
OPEN
MID
Distance:  0.49
Touch:  0.00
Touch:  0.00
current: BACK
state:
OPEN
MID
Distance:  0.48
Touch:  0.00
Touch:  0.00
current: BACK
state:
OPEN
MID
Distance:  0.46
Touch:  0.00
Touch:  0.00
current: BACK
state:
OPEN
MID
Distance:  0.46
Touch:  0.00
Touch:  0.00
current: BACK
state:
OPEN
MID
Distance:  0.44
Touch:  0.00
Touch:  0.00
current: BACK
state:
OPEN
MID
Distance:  0.43
Touch:  0.00
Touch:  0.00
current: BACK
state:
OPEN
MID
Distance:  0.42
Touch:  0.00
Touch:  0.00
current: BACK
state:
OPEN
MID
Distance:  0.42
Touch:  0.00
Touch:  0.00
current: BACK
state:
OPEN
MID
Distance:  0.42
Touch:  0.00
Touch:  0.00
current: BACK
state:
OPEN
MID
Distance:  0.42
Touch:  0.00
Touch:  0.00
current: BACK
state:
OPEN
MID
Distance:  0.40
Touch:  0.00
Touch:  0.00
current: BACK
state:
OPEN
MID
Distance:  0.38
Touch:  0.00
Touch:  0.00
current: BACK
state:
OPEN
MID
Distance:  0.35
Touch:  0.00
Touch:  0.00
current: BACK
state:
OPEN
MID
Distance:  0.35
Touch:  0.00
Touch:  0.00
current: BACK
state:
OPEN
MID
Distance:  0.35
Touch:  0.00
Touch:  0.00
current: BACK
state:
OPEN
MID
Distance:  0.34
Touch:  0.00
Touch:  0.00
current: BACK
state:
OPEN
MID
Distance:  0.34
Touch:  0.00
Touch:  0.00
current: BACK
state:
OPEN
MID
Distance:  0.35
Touch:  0.00
Touch:  0.00
current: BACK
state:
OPEN
MID
Distance:  0.35
Touch:  0.00
Touch:  0.00
current: BACK
state:
OPEN
MID
Distance:  0.35
Touch:  0.00
Touch:  0.00
current: BACK
state:
OPEN
MID
Distance:  0.35
Touch:  0.00
Touch:  0.00
current: BACK
state:
OPEN
MID
Distance:  0.35
Touch:  0.00
Touch:  0.00
current: BACK
state:
OPEN
MID
Distance:  0.35
Touch:  0.00
Touch:  0.00
current: BACK
state:
OPEN
MID
Distance:  0.35
Touch:  0.00
Touch:  0.00
current: BACK
state:
OPEN
MID
Distance:  0.35
Touch:  0.00
Touch:  0.00
current: BACK
state:
OPEN
MID
Distance:  0.36
Touch:  0.00
Touch:  0.00
current: BACK
state:
OPEN
MID
Distance:  0.36
Touch:  0.00
Touch:  0.00
current: BACK
state:
OPEN
MID
Distance:  0.37
Touch:  0.00
Touch:  0.00
current: BACK
state:
OPEN
MID
Distance:  0.45
Touch:  0.00
Touch:  0.00
current: BACK
state:
OPEN
MID
Distance:  0.47
Touch:  0.00
Touch:  0.00
current: BACK
state:
OPEN
MID
Distance:  0.48
Touch:  0.00
Touch:  0.00
current: STOP
state:
OPEN
FAR
Distance:  0.61
Touch:  0.00
Touch:  0.00
current: STOP
state:
OPEN
FAR
Distance: Infinity
Touch:  0.00
Touch:  0.00
current: STOP
state:
OPEN
FAR
Distance: Infinity
Touch:  0.00
Touch:  0.00
current: STOP
state:
OPEN
FAR
Distance:  0.82
Touch:  0.00
Touch:  0.00
current: STOP
state:
OPEN
FAR
Distance:  0.84
Touch:  0.00
Touch:  0.00
current: STOP
state:
OPEN
FAR
Distance:  0.83
Touch:  0.00
Touch:  0.00
current: STOP
state:
OPEN
FAR
Distance:  0.84
Touch:  0.00
Touch:  0.00
current: STOP
state:
OPEN
FAR
Distance:  0.85
Touch:  0.00
Touch:  0.00
current: STOP
state:
OPEN
FAR
Distance:  0.85
Touch:  0.00
Touch:  0.00
current: STOP
state:
OPEN
FAR
Distance:  0.85
Touch:  0.00
Touch:  0.00
current: STOP
state:
OPEN
FAR
Distance:  0.85
Touch:  0.00
Touch:  0.00
current: STOP
state:
OPEN
FAR
Distance: Infinity
Touch:  0.00
Touch:  0.00
current: STOP
state:
OPEN
FAR
Distance: Infinity
Touch:  0.00
Touch:  0.00
current: STOP
state:
OPEN
FAR
Distance: Infinity
Touch:  0.00
Touch:  0.00
current: STOP
state:
OPEN
FAR
Distance: Infinity
Touch:  0.00
Touch:  0.00
current: STOP
state:
OPEN
FAR
Distance: Infinity
Touch:  0.00
Touch:  0.00
current: STOP
state:
OPEN
FAR
Distance: Infinity
Touch:  0.00
Touch:  0.00
current: STOP
state:
OPEN
FAR
Distance: Infinity
Touch:  0.00
Touch:  0.00
current: STOP
state:
OPEN
FAR
Distance: Infinity
Touch:  0.00
Touch:  0.00
current: STOP
state:
OPEN
FAR
Distance: Infinity
Touch:  0.00
Touch:  0.00
current: STOP
state:
OPEN
FAR
Distance: Infinity
Touch:  0.00
Touch:  0.00
current: STOP
state:
OPEN
FAR
Distance: Infinity
Touch:  0.00
Touch:  0.00
current: STOP
state:
OPEN
FAR
Distance: Infinity
Touch:  0.00
Touch:  0.00
current: STOP
state:
OPEN
FAR
Distance: Infinity
Touch:  0.00
Touch:  0.00
current: STOP
state:
OPEN
FAR
Distance: Infinity
Touch:  0.00
Touch:  0.00
current: STOP
state:
OPEN
FAR
Distance: Infinity
Touch:  0.00
Touch:  0.00
current: STOP
state:
OPEN
FAR
Distance: Infinity
Touch:  0.00
Touch:  0.00
current: STOP
state:
OPEN
FAR
Distance: Infinity
Touch:  0.00
Touch:  0.00
current: STOP
state:
OPEN
FAR
Distance: Infinity
Touch:  0.00
Touch:  0.00
current: STOP
state:
OPEN
FAR
Distance: Infinity
Touch:  0.00
Touch:  0.00
current: STOP
state:
OPEN
FAR
Distance: Infinity
Touch:  0.00
Touch:  0.00
current: STOP
state:
OPEN
FAR
Distance: Infinity
Touch:  0.00
Touch:  0.00
current: STOP
state:
OPEN
FAR
Distance: Infinity
Touch:  0.00
Touch:  0.00
current: STOP
state:
OPEN
FAR
Distance: Infinity
Touch:  0.00
Touch:  0.00
current: STOP
state:
OPEN
FAR
Distance: Infinity
Touch:  0.00
Touch:  0.00
current: STOP
state:
OPEN
FAR
Distance: Infinity
Touch:  0.00
Touch:  0.00
current: STOP
state:
OPEN
FAR
Distance: Infinity
Touch:  0.00
Touch:  0.00
current: STOP
state:
OPEN
FAR
Distance: Infinity
Touch:  0.00
Touch:  0.00
current: STOP
state:
OPEN
FAR
Distance: Infinity
Touch:  0.00
Touch:  0.00
current: STOP
state:
OPEN
FAR
Distance: Infinity
Touch:  0.00
Touch:  0.00
current: STOP
state:
OPEN
FAR
Distance: Infinity
Touch:  0.00
Touch:  0.00
current: STOP
state:
OPEN
FAR
Distance: Infinity
Touch:  0.00
Touch:  0.00
current: STOP
state:
OPEN
FAR
Distance: Infinity
Touch:  0.00
Touch:  0.00
current: STOP
state:
OPEN
FAR
Distance: Infinity
Touch:  0.00
Touch:  0.00
current: STOP
state:
OPEN
FAR
Distance: Infinity
Touch:  0.00
Touch:  0.00
current: STOP
state:
OPEN
FAR
Distance: Infinity
Touch:  0.00
Touch:  0.00
current: STOP
state:
OPEN
FAR
Distance: Infinity
Touch:  0.00
Touch:  0.00
current: STOP
state:
OPEN
FAR
Distance: Infinity
Touch:  0.00
Touch:  0.00
current: STOP
state:
OPEN
FAR
Distance: Infinity
Touch:  0.00
Touch:  0.00
current: STOP
state:
OPEN
FAR
Distance: Infinity
Touch:  0.00
Touch:  0.00
current: STOP
state:
OPEN
FAR
Distance: Infinity
Touch:  0.00
Touch:  0.00
current: STOP
state:
OPEN
FAR
Distance: Infinity
Touch:  0.00
Touch:  0.00
current: STOP
state:
OPEN
FAR
Distance: Infinity
Touch:  0.00
Touch:  0.00
current: STOP
state:
OPEN
FAR
Distance: Infinity
Touch:  0.00
Touch:  0.00
current: STOP
state:
OPEN
FAR
Distance: Infinity
Touch:  0.00
Touch:  0.00
current: STOP
state:
OPEN
FAR
Distance: Infinity
Touch:  0.00
Touch:  0.00
current: STOP
state:
OPEN
FAR
Distance: Infinity
Touch:  0.00
Touch:  0.00
current: STOP
state:
OPEN
FAR
Distance: Infinity
Touch:  0.00
Touch:  0.00
current: STOP
state:
OPEN
FAR
Distance: Infinity
Touch:  0.00
Touch:  0.00
current: STOP
state:
OPEN
FAR
Distance: Infinity
Touch:  0.00
Touch:  0.00
current: STOP
state:
OPEN
FAR
Distance: Infinity
Touch:  0.00
Touch:  0.00
current: STOP
state:
OPEN
FAR
Distance: Infinity
Touch:  0.00
Touch:  0.00
current: STOP
state:
OPEN
FAR
Distance: Infinity
Touch:  0.00
Touch:  0.00
current: STOP
state:
OPEN
FAR
Distance: Infinity
Touch:  0.00
Touch:  0.00
current: STOP
state:
OPEN
FAR
Distance: Infinity
Touch:  0.00
Touch:  0.00
current: STOP
state:
OPEN
FAR
Distance: Infinity
Touch:  0.00
Touch:  0.00
current: STOP
state:
OPEN
FAR
Distance: Infinity
Touch:  0.00
Touch:  0.00
current: STOP
state:
OPEN
FAR
Distance: Infinity
Touch:  0.00
Touch:  0.00
current: STOP
state:
OPEN
FAR
Distance: Infinity
Touch:  0.00
Touch:  0.00
current: STOP
state:
OPEN
FAR
Distance: Infinity
Touch:  0.00
Touch:  0.00
current: STOP
state:
OPEN
FAR
Distance: Infinity
Touch:  0.00
Touch:  0.00
current: STOP
state:
OPEN
FAR
Distance: Infinity
Touch:  0.00
Touch:  0.00
current: STOP
state:
OPEN
FAR
Distance: Infinity
Touch:  0.00
Touch:  0.00
current: STOP
state:
OPEN
FAR
Distance: Infinity
Touch:  0.00
Touch:  0.00
current: STOP
state:
OPEN
FAR
Distance: Infinity
Touch:  0.00
Touch:  0.00
current: STOP
state:
OPEN
FAR
Distance: Infinity
Touch:  0.00
Touch:  0.00
current: STOP
state:
OPEN
FAR
Distance: Infinity
Touch:  0.00
Touch:  0.00
current: STOP
state:
OPEN
FAR
Distance: Infinity
Touch:  0.00
Touch:  0.00
current: STOP
state:
OPEN
FAR
Distance: Infinity
Touch:  0.00
Touch:  0.00
current: STOP
state:
OPEN
FAR
Distance:  0.78
Touch:  0.00
Touch:  0.00
current: STOP
state:
OPEN
FAR
Distance: Infinity
Touch:  0.00
Touch:  0.00
current: STOP
state:
OPEN
FAR
Distance:  0.96
Touch:  0.00
Touch:  0.00
current: STOP
state:
OPEN
FAR
Distance:  0.96
Touch:  0.00
Touch:  0.00
current: STOP
state:
OPEN
FAR
Distance:  0.95
Touch:  0.00
Touch:  0.00
current: STOP
state:
OPEN
FAR
Distance: Infinity
Touch:  0.00
Touch:  0.00
current: STOP
state:
OPEN
FAR
Distance:  0.88
Touch:  0.00
Touch:  0.00
current: STOP
state:
OPEN
FAR
Distance:  0.82
Touch:  0.00
Touch:  0.00
current: STOP
state:
OPEN
FAR
Distance:  0.77
Touch:  0.00
Touch:  0.00
current: STOP
state:
OPEN
FAR
Distance:  0.77
Touch:  0.00
Touch:  0.00
current: STOP
state:
OPEN
FAR
Distance:  0.77
Touch:  0.00
Touch:  0.00
current: STOP
state:
OPEN
FAR
Distance:  0.77
Touch:  0.00
Touch:  0.00
current: STOP
state:
OPEN
FAR
Distance:  0.77
Touch:  0.00
Touch:  0.00
current: STOP
state:
OPEN
FAR
Distance:  0.77
Touch:  0.00
Touch:  0.00
current: STOP
state:
OPEN
FAR
Distance:  0.55
Touch:  0.00
Touch:  0.00
current: STOP
state:
OPEN
FAR
Distance:  0.53
Touch:  0.00
Touch:  0.00
current: STOP
state:
OPEN
FAR
Distance:  0.52
Touch:  0.00
Touch:  0.00
current: STOP
state:
OPEN
FAR
Distance:  0.52
Touch:  0.00
Touch:  0.00
current: BACK
state:
OPEN
MID
Distance:  0.49
Touch:  0.00
Touch:  0.00
current: BACK
state:
OPEN
MID
Distance:  0.48
Touch:  0.00
Touch:  0.00
current: BACK
state:
OPEN
MID
Distance:  0.46
Touch:  0.00
Touch:  0.00
current: BACK
state:
OPEN
MID
Distance:  0.46
Touch:  0.00
Touch:  0.00
current: BACK
state:
OPEN
MID
Distance:  0.46
Touch:  0.00
Touch:  0.00
current: BACK
state:
OPEN
MID
Distance:  0.46
Touch:  0.00
Touch:  0.00
current: BACK
state:
OPEN
MID
Distance:  0.47
Touch:  0.00
Touch:  0.00
current: BACK
state:
OPEN
MID
Distance:  0.46
Touch:  0.00
Touch:  0.00
current: BACK
state:
OPEN
MID
Distance:  0.45
Touch:  0.00
Touch:  0.00
current: BACK
state:
OPEN
MID
Distance:  0.45
Touch:  0.00
Touch:  0.00
current: BACK
state:
OPEN
MID
Distance:  0.45
Touch:  0.00
Touch:  0.00
current: BACK
state:
OPEN
MID
Distance:  0.44
Touch:  0.00
Touch:  0.00
current: BACK
state:
OPEN
MID
Distance:  0.42
Touch:  0.00
Touch:  0.00
current: BACK
state:
OPEN
MID
Distance:  0.39
Touch:  0.00
Touch:  0.00
current: BACK
state:
OPEN
MID
Distance:  0.39
Touch:  0.00
Touch:  0.00
current: BACK
state:
OPEN
MID
Distance:  0.37
Touch:  0.00
Touch:  0.00
current: BACK
state:
OPEN
MID
Distance:  0.39
Touch:  0.00
Touch:  0.00
current: BACK
state:
OPEN
MID
Distance:  0.40
Touch:  0.00
Touch:  0.00
current: BACK
state:
OPEN
MID
Distance:  0.42
Touch:  0.00
Touch:  0.00
current: BACK
state:
OPEN
MID
Distance:  0.44
Touch:  0.00
Touch:  0.00
current: STOP
state:
OPEN
FAR
Distance:  0.60
Touch:  0.00
Touch:  0.00
current: STOP
state:
OPEN
FAR
Distance:  0.68
Touch:  0.00
Touch:  0.00
current: STOP
state:
OPEN
FAR
Distance:  0.68
Touch:  0.00
Touch:  0.00
current: STOP
state:
OPEN
FAR
Distance:  0.73
Touch:  0.00
Touch:  0.00
current: STOP
state:
OPEN
FAR
Distance:  0.73
Touch:  0.00
Touch:  0.00
current: STOP
state:
OPEN
FAR
Distance: Infinity
Touch:  0.00
Touch:  0.00
current: STOP
state:
OPEN
FAR
Distance: Infinity
Touch:  0.00
Touch:  0.00
current: STOP
state:
OPEN
FAR
Distance: Infinity
Touch:  0.00
Touch:  0.00
current: STOP
state:
OPEN
FAR
Distance: Infinity
Touch:  0.00
Touch:  0.00
current: STOP
state:
OPEN
FAR
Distance: Infinity
Touch:  0.00
Touch:  0.00
current: STOP
state:
OPEN
FAR
Distance: Infinity
Touch:  0.00
Touch:  0.00
current: STOP
state:
OPEN
FAR
Distance: Infinity
Touch:  0.00
Touch:  0.00
current: STOP
state:
OPEN
FAR
Distance: Infinity
Touch:  0.00
Touch:  0.00
current: STOP
state:
OPEN
FAR
Distance: Infinity
Touch:  0.00
Touch:  0.00
current: STOP
state:
OPEN
FAR
Distance: Infinity
Touch:  0.00
Touch:  0.00
current: STOP
state:
OPEN
FAR
Distance:  0.84
Touch:  0.00
Touch:  0.00
current: STOP
state:
OPEN
FAR
Distance:  0.84
Touch:  0.00
Touch:  0.00
current: STOP
state:
OPEN
FAR
Distance:  0.84
Touch:  0.00
Touch:  0.00
current: STOP
state:
OPEN
FAR
Distance: Infinity
Touch:  0.00
Touch:  0.00
current: STOP
state:
OPEN
FAR
Distance: Infinity
Touch:  0.00
Touch:  0.00
current: STOP
state:
OPEN
FAR
Distance: Infinity
Touch:  0.00
Touch:  0.00
current: STOP
state:
OPEN
FAR
Distance: Infinity
Touch:  0.00
Touch:  0.00
current: STOP
state:
OPEN
FAR
Distance: Infinity
Touch:  0.00
Touch:  0.00
current: STOP
state:
OPEN
FAR
Distance: Infinity
Touch:  0.00
Touch:  0.00
current: STOP
state:
OPEN
FAR
Distance: Infinity
Touch:  0.00
Touch:  0.00
current: STOP
state:
OPEN
FAR
Distance: Infinity
Touch:  0.00
Touch:  0.00
current: STOP
state:
OPEN
FAR
Distance: Infinity
Touch:  0.00
Touch:  0.00
current: STOP
state:
OPEN
FAR
Distance: Infinity
Touch:  0.00
Touch:  0.00
current: STOP
state:
OPEN
FAR
Distance: Infinity
Touch:  0.00
Touch:  0.00
current: STOP
state:
OPEN
FAR
Distance: Infinity
Touch:  0.00
Touch:  0.00
current: STOP
state:
OPEN
FAR
Distance: Infinity
Touch:  0.00
Touch:  0.00
current: STOP
state:
OPEN
FAR
Distance: Infinity
Touch:  0.00
Touch:  0.00
current: STOP
state:
OPEN
FAR
Distance: Infinity
Touch:  0.00
Touch:  0.00
current: STOP
state:
OPEN
FAR
Distance: Infinity
Touch:  0.00
Touch:  0.00
current: STOP
state:
OPEN
FAR
Distance: Infinity
Touch:  0.00
Touch:  0.00
current: STOP
state:
OPEN
FAR
Distance: Infinity
Touch:  0.00
Touch:  0.00
current: STOP
state:
OPEN
FAR
Distance: Infinity
Touch:  0.00
Touch:  0.00
current: STOP
state:
OPEN
FAR
Distance: Infinity
Touch:  0.00
Touch:  0.00
current: STOP
state:
OPEN
FAR
Distance: Infinity
Touch:  0.00
Touch:  0.00
current: STOP
state:
OPEN
FAR
Distance: Infinity
Touch:  0.00
Touch:  0.00
current: STOP
state:
OPEN
FAR
Distance: Infinity
Touch:  0.00
Touch:  0.00
current: STOP
state:
OPEN
FAR
Distance: Infinity
Touch:  0.00
Touch:  0.00
current: STOP
state:
OPEN
FAR
Distance: Infinity
Touch:  0.00
Touch:  0.00
current: STOP
state:
OPEN
FAR
Distance:  0.79
Touch:  0.00
Touch:  0.00
current: STOP
state:
OPEN
FAR
Distance:  0.79
Touch:  0.00
Touch:  0.00
current: STOP
state:
OPEN
FAR
Distance:  0.79
Touch:  0.00
Touch:  0.00
current: STOP
state:
OPEN
FAR
Distance:  0.79
Touch:  0.00
Touch:  0.00
current: STOP
state:
OPEN
FAR
Distance:  0.79
Touch:  0.00
Touch:  0.00
current: STOP
state:
OPEN
FAR
Distance:  0.79
Touch:  0.00
Touch:  0.00
current: STOP
state:
OPEN
FAR
Distance:  0.79
Touch:  0.00
Touch:  0.00
current: STOP
state:
OPEN
FAR
Distance:  0.96
Touch:  0.00
Touch:  0.00
current: STOP
state:
OPEN
FAR
Distance:  0.96
Touch:  0.00
Touch:  0.00
current: STOP
state:
OPEN
FAR
Distance:  0.75
Touch:  0.00
Touch:  0.00
current: STOP
state:
OPEN
FAR
Distance:  0.75
Touch:  0.00
Touch:  0.00
current: STOP
state:
OPEN
FAR
Distance:  0.75
Touch:  0.00
Touch:  0.00
current: STOP
state:
OPEN
FAR
Distance:  0.75
Touch:  0.00
Touch:  0.00
current: STOP
state:
OPEN
FAR
Distance:  0.75
Touch:  0.00
Touch:  0.00
current: STOP
state:
OPEN
FAR
Distance:  0.86
Touch:  0.00
Touch:  0.00
current: STOP
state:
OPEN
FAR
Distance:  0.86
Touch:  0.00
Touch:  0.00
current: STOP
state:
OPEN
FAR
Distance:  1.44
Touch:  0.00
Touch:  0.00
current: STOP
state:
OPEN
FAR
Distance:  0.76
Touch:  0.00
Touch:  0.00
current: STOP
state:
OPEN
FAR
Distance:  0.76
Touch:  0.00
Touch:  0.00
current: STOP
state:
OPEN
FAR
Distance:  0.71
Touch:  0.00
Touch:  0.00
current: STOP
state:
OPEN
FAR
Distance:  0.67
Touch:  0.00
Touch:  0.00
current: STOP
state:
OPEN
FAR
Distance:  0.63
Touch:  0.00
Touch:  0.00
current: STOP
state:
OPEN
FAR
Distance:  0.62
Touch:  0.00
Touch:  0.00
current: STOP
state:
OPEN
FAR
Distance:  0.61
Touch:  0.00
Touch:  0.00
current: STOP
state:
OPEN
FAR
Distance:  0.59
Touch:  0.00
Touch:  0.00
current: STOP
state:
OPEN
FAR
Distance:  0.58
Touch:  0.00
Touch:  0.00
current: STOP
state:
OPEN
FAR
Distance:  0.58
Touch:  0.00
Touch:  0.00
current: STOP
state:
OPEN
FAR
Distance:  0.62
Touch:  0.00
Touch:  0.00
current: STOP
state:
OPEN
FAR
Distance:  0.51
Touch:  0.00
Touch:  0.00
current: BACK
state:
OPEN
MID
Distance:  0.48
Touch:  0.00
Touch:  0.00
current: BACK
state:
OPEN
MID
Distance:  0.46
Touch:  0.00
Touch:  0.00
current: BACK
state:
OPEN
MID
Distance:  0.39
Touch:  0.00
Touch:  0.00
current: BACK
state:
OPEN
MID
Distance:  0.37
Touch:  0.00
Touch:  0.00
current: BACK
state:
OPEN
MID
Distance:  0.35
Touch:  0.00
Touch:  0.00
current: BACK
state:
OPEN
MID
Distance:  0.34
Touch:  0.00
Touch:  0.00
current: BACK
state:
OPEN
MID
Distance:  0.33
Touch:  0.00
Touch:  0.00
current: BACK
state:
OPEN
MID
Distance:  0.33
Touch:  0.00
Touch:  0.00
current: BACK
state:
OPEN
MID
Distance:  0.33
Touch:  0.00
Touch:  0.00
current: BACK
state:
OPEN
MID
Distance:  0.33
Touch:  0.00
Touch:  0.00
current: BACK
state:
OPEN
MID
Distance:  0.35
Touch:  0.00
Touch:  0.00
current: BACK
state:
OPEN
MID
Distance:  0.34
Touch:  0.00
Touch:  0.00
current: BACK
state:
OPEN
MID
Distance:  0.34
Touch:  0.00
Touch:  0.00
current: BACK
state:
OPEN
MID
Distance:  0.35
Touch:  0.00
Touch:  0.00
current: BACK
state:
OPEN
MID
Distance:  0.41
Touch:  0.00
Touch:  0.00
current: BACK
state:
OPEN
MID
Distance:  0.45
Touch:  0.00
Touch:  0.00
current: BACK
state:
OPEN
MID
Distance:  0.50
Touch:  0.00
Touch:  0.00
current: STOP
state:
OPEN
FAR
Distance:  0.57
Touch:  0.00
Touch:  0.00
current: STOP
state:
OPEN
FAR
Distance: Infinity
Touch:  0.00
Touch:  0.00
current: STOP
state:
OPEN
FAR
Distance: Infinity
Touch:  0.00
Touch:  0.00
current: STOP
state:
OPEN
FAR
Distance:  0.91
Touch:  0.00
Touch:  0.00
current: STOP
state:
OPEN
FAR
Distance: Infinity
Touch:  0.00
Touch:  0.00
current: STOP
state:
OPEN
FAR
Distance: Infinity
Touch:  0.00
Touch:  0.00
current: STOP
state:
OPEN
FAR
Distance: Infinity
Touch:  0.00
Touch:  0.00
current: STOP
state:
OPEN
FAR
Distance: Infinity
Touch:  0.00
Touch:  0.00
current: STOP
state:
OPEN
FAR
Distance: Infinity
Touch:  0.00
Touch:  0.00
current: STOP
state:
OPEN
FAR
Distance: Infinity
Touch:  0.00
Touch:  0.00
current: STOP
state:
OPEN
FAR
Distance: Infinity
Touch:  0.00
Touch:  0.00
current: STOP
state:
OPEN
FAR
Distance: Infinity
Touch:  0.00
Touch:  0.00
current: STOP
state:
OPEN
FAR
Distance: Infinity
Touch:  0.00
Touch:  0.00
current: STOP
state:
OPEN
FAR
Distance:  0.89
Touch:  0.00
Touch:  0.00
current: STOP
state:
OPEN
FAR
Distance:  0.89
Touch:  0.00
Touch:  0.00
current: STOP
state:
OPEN
FAR
Distance:  0.93
Touch:  0.00
Touch:  0.00
current: STOP
state:
OPEN
FAR
Distance: Infinity
Touch:  0.00
Touch:  0.00
current: STOP
state:
OPEN
FAR
Distance:  1.50
Touch:  0.00
Touch:  0.00
current: STOP
state:
OPEN
FAR
Distance: Infinity
Touch:  0.00
Touch:  0.00
current: STOP
state:
OPEN
FAR
Distance:  0.83
Touch:  0.00
Touch:  0.00
current: STOP
state:
OPEN
FAR
Distance:  0.84
Touch:  0.00
Touch:  0.00
current: STOP
state:
OPEN
FAR
Distance:  0.89
Touch:  0.00
Touch:  0.00
current: STOP
state:
OPEN
FAR
Distance:  0.89
Touch:  0.00
Touch:  0.00
current: STOP
state:
OPEN
FAR
Distance:  0.89
Touch:  0.00
Touch:  0.00
current: STOP
state:
OPEN
FAR
Distance: Infinity
Touch:  0.00
Touch:  0.00
current: STOP
state:
OPEN
FAR
Distance: Infinity
Touch:  0.00
Touch:  0.00
current: STOP
state:
OPEN
FAR
Distance: Infinity
Touch:  0.00
Touch:  0.00
current: STOP
state:
OPEN
FAR
Distance: Infinity
Touch:  0.00
Touch:  0.00
current: STOP
state:
OPEN
FAR
Distance: Infinity
Touch:  0.00
Touch:  0.00
current: STOP
state:
OPEN
FAR
Distance: Infinity
Touch:  0.00
Touch:  0.00
current: STOP
state:
OPEN
FAR
Distance:  0.89
Touch:  0.00
Touch:  0.00
current: STOP
state:
OPEN
FAR
Distance:  0.89
Touch:  0.00
Touch:  0.00
current: STOP
state:
OPEN
FAR
Distance: Infinity
Touch:  0.00
Touch:  0.00
current: STOP
state:
OPEN
FAR
Distance: Infinity
Touch:  0.00
Touch:  0.00
current: STOP
state:
OPEN
FAR
Distance: Infinity
Touch:  0.00
Touch:  0.00
current: STOP
state:
OPEN
FAR
Distance: Infinity
Touch:  0.00
Touch:  0.00
current: STOP
state:
OPEN
FAR
Distance: Infinity
Touch:  0.00
Touch:  0.00
current: STOP
state:
OPEN
FAR
Distance: Infinity
Touch:  0.00
Touch:  0.00
current: STOP
state:
OPEN
FAR
Distance: Infinity
Touch:  0.00
Touch:  0.00
current: STOP
state:
OPEN
FAR
Distance: Infinity
Touch:  0.00
Touch:  0.00
current: STOP
state:
OPEN
FAR
Distance: Infinity
Touch:  0.00
Touch:  0.00
current: STOP
state:
OPEN
FAR
Distance: Infinity
Touch:  0.00
Touch:  0.00
current: STOP
state:
OPEN
FAR
Distance: Infinity
Touch:  0.00
Touch:  0.00
current: STOP
state:
OPEN
FAR
Distance: Infinity
Touch:  0.00
Touch:  0.00
current: STOP
state:
OPEN
FAR
Distance: Infinity
Touch:  0.00
Touch:  0.00
current: STOP
state:
OPEN
FAR
Distance: Infinity
Touch:  0.00
Touch:  0.00
current: STOP
state:
OPEN
FAR
Distance:  0.83
Touch:  0.00
Touch:  0.00
current: STOP
state:
OPEN
FAR
Distance:  0.83
Touch:  0.00
Touch:  0.00
current: STOP
state:
OPEN
FAR
Distance: Infinity
Touch:  0.00
Touch:  0.00
current: STOP
state:
OPEN
FAR
Distance: Infinity
Touch:  0.00
Touch:  0.00
current: STOP
state:
OPEN
FAR
Distance: Infinity
Touch:  0.00
Touch:  0.00
current: STOP
state:
OPEN
FAR
Distance: Infinity
Touch:  0.00
Touch:  0.00
current: STOP
state:
OPEN
FAR
Distance: Infinity
Touch:  0.00
Touch:  0.00
current: STOP
state:
OPEN
FAR
Distance: Infinity
Touch:  0.00
Touch:  0.00
current: STOP
state:
OPEN
FAR
Distance: Infinity
Touch:  0.00
Touch:  0.00
current: STOP
state:
OPEN
FAR
Distance: Infinity
Touch:  0.00
Touch:  0.00
current: STOP
state:
OPEN
FAR
Distance: Infinity
Touch:  0.00
Touch:  0.00
current: STOP
state:
OPEN
FAR
Distance: Infinity
Touch:  0.00
Touch:  0.00
current: STOP
state:
OPEN
FAR
Distance: Infinity
Touch:  0.00
Touch:  0.00
current: STOP
state:
OPEN
FAR
Distance: Infinity
Touch:  0.00
Touch:  0.00
current: STOP
state:
OPEN
FAR
Distance: Infinity
Touch:  0.00
Touch:  0.00
current: STOP
state:
OPEN
FAR
Distance: Infinity
Touch:  0.00
Touch:  0.00
current: STOP
state:
OPEN
FAR
Distance: Infinity
Touch:  0.00
Touch:  0.00
current: STOP
state:
OPEN
FAR
Distance: Infinity
Touch:  0.00
Touch:  0.00
current: STOP
state:
OPEN
FAR
Distance: Infinity
Touch:  0.00
Touch:  0.00
current: STOP
state:
OPEN
FAR
Distance: Infinity
Touch:  0.00
Touch:  0.00
current: STOP
state:
OPEN
FAR
Distance: Infinity
Touch:  0.00
Touch:  0.00
current: STOP
state:
OPEN
FAR
Distance: Infinity
Touch:  0.00
Touch:  0.00
current: STOP
state:
OPEN
FAR
Distance: Infinity
Touch:  0.00
Touch:  0.00
current: STOP
state:
OPEN
FAR
Distance: Infinity
Touch:  0.00
Touch:  0.00
current: STOP
state:
OPEN
FAR
Distance: Infinity
Touch:  0.00
Touch:  0.00
current: STOP
state:
OPEN
FAR
Distance: Infinity
Touch:  0.00
Touch:  0.00
current: STOP
state:
OPEN
FAR
Distance: Infinity
Touch:  0.00
Touch:  0.00
current: STOP
state:
OPEN
FAR
Distance: Infinity
Touch:  0.00
Touch:  0.00
current: STOP
state:
OPEN
FAR
Distance: Infinity
Touch:  0.00
Touch:  0.00
current: STOP
state:
OPEN
FAR
Distance: Infinity
Touch:  0.00
Touch:  0.00
current: STOP
state:
OPEN
FAR
Distance: Infinity
Touch:  0.00
Touch:  0.00
current: STOP
state:
OPEN
FAR
Distance: Infinity
Touch:  0.00
Touch:  0.00
current: STOP
state:
OPEN
FAR
Distance: Infinity
Touch:  0.00
Touch:  0.00
current: STOP
state:
OPEN
FAR
Distance: Infinity
Touch:  0.00
Touch:  0.00
current: STOP
state:
OPEN
FAR
Distance: Infinity
Touch:  0.00
Touch:  0.00
current: STOP
state:
OPEN
FAR
Distance: Infinity
Touch:  0.00
Touch:  0.00
current: STOP
state:
OPEN
FAR
Distance: Infinity
Touch:  0.00
Touch:  0.00
current: STOP
state:
OPEN
FAR
Distance: Infinity
Touch:  0.00
Touch:  0.00
current: STOP
state:
OPEN
FAR
Distance: Infinity
Touch:  0.00
Touch:  0.00
current: STOP
state:
OPEN
FAR
Distance: Infinity
Touch:  0.00
Touch:  0.00
current: STOP
state:
OPEN
FAR
Distance: Infinity
Touch:  0.00
Touch:  0.00
current: STOP
state:
OPEN
FAR
Distance: Infinity
Touch:  0.00
Touch:  0.00
current: STOP
state:
OPEN
FAR
Distance: Infinity
Touch:  0.00
Touch:  0.00
current: STOP
state:
OPEN
FAR
Distance: Infinity
Touch:  0.00
Touch:  0.00
current: STOP
state:
OPEN
FAR
Distance:  1.43
Touch:  0.00
Touch:  0.00
current: STOP
state:
OPEN
FAR
Distance:  1.35
Touch:  0.00
Touch:  0.00
current: STOP
state:
OPEN
FAR
Distance: Infinity
Touch:  0.00
Touch:  0.00
current: STOP
state:
OPEN
FAR
Distance:  1.26
Touch:  0.00
Touch:  0.00
current: STOP
state:
OPEN
FAR
Distance: Infinity
Touch:  0.00
Touch:  0.00
current: STOP
state:
OPEN
FAR
Distance:  1.15
Touch:  0.00
Touch:  0.00
current: STOP
state:
OPEN
FAR
Distance:  1.09
Touch:  0.00
Touch:  0.00
current: STOP
state:
OPEN
FAR
Distance:  1.09
Touch:  0.00
Touch:  0.00
current: STOP
state:
OPEN
FAR
Distance: Infinity
Touch:  0.00
Touch:  0.00
current: STOP
state:
OPEN
FAR
Distance:  1.01
Touch:  0.00
Touch:  0.00
current: STOP
state:
OPEN
FAR
Distance:  0.96
Touch:  0.00
Touch:  0.00
current: STOP
state:
OPEN
FAR
Distance: Infinity
Touch:  0.00
Touch:  0.00
current: STOP
state:
OPEN
FAR
Distance: Infinity
Touch:  0.00
Touch:  0.00
current: STOP
state:
OPEN
FAR
Distance: Infinity
Touch:  0.00
Touch:  0.00
current: STOP
state:
OPEN
FAR
Distance: Infinity
Touch:  0.00
Touch:  0.00
current: STOP
state:
OPEN
FAR
Distance: Infinity
Touch:  0.00
Touch:  0.00
current: STOP
state:
OPEN
FAR
Distance: Infinity
Touch:  0.00
Touch:  0.00
current: STOP
state:
OPEN
FAR
Distance: Infinity
Touch:  0.00
Touch:  0.00
current: STOP
state:
OPEN
FAR
Distance: Infinity
Touch:  0.00
Touch:  0.00
current: STOP
state:
OPEN
FAR
Distance: Infinity
Touch:  0.00
Touch:  0.00
current: STOP
state:
OPEN
FAR
Distance: Infinity
Touch:  0.00
Touch:  0.00
current: STOP
state:
OPEN
FAR
Distance: Infinity
Touch:  0.00
Touch:  0.00
current: STOP
state:
OPEN
FAR
Distance: Infinity
Touch:  0.00
Touch:  0.00
current: STOP
state:
OPEN
FAR
Distance: Infinity
Touch:  0.00
Touch:  0.00
current: STOP
state:
OPEN
FAR
Distance: Infinity
Touch:  0.00
Touch:  0.00
current: BACK
state:
OPEN
MID
Distance:  0.33
Touch:  0.00
Touch:  0.00
current: BACK
state:
OPEN
MID
Distance:  0.33
Touch:  0.00
Touch:  0.00
current: BACK
state:
OPEN
MID
Distance:  0.33
Touch:  0.00
Touch:  0.00
current: BACK
state:
OPEN
MID
Distance:  0.33
Touch:  0.00
Touch:  0.00
current: BACK
state:
OPEN
MID
Distance:  0.33
Touch:  0.00
Touch:  0.00
current: STOP
state:
OPEN
FAR
Distance: Infinity
Touch:  0.00
Touch:  0.00
current: STOP
state:
OPEN
FAR
Distance:  1.03
Touch:  0.00
Touch:  0.00
current: BACK
state:
OPEN
MID
Distance:  0.33
Touch:  0.00
Touch:  0.00
current: BACK
state:
OPEN
MID
Distance:  0.33
Touch:  0.00
Touch:  0.00
current: BACK
state:
OPEN
MID
Distance:  0.33
Touch:  0.00
Touch:  0.00
current: BACK
state:
OPEN
MID
Distance:  0.33
Touch:  0.00
Touch:  0.00
current: STOP
state:
OPEN
FAR
Distance:  0.72
Touch:  0.00
Touch:  0.00
current: STOP
state:
OPEN
FAR
Distance:  0.69
Touch:  0.00
Touch:  0.00
current: STOP
state:
OPEN
FAR
Distance:  0.69
Touch:  0.00
Touch:  0.00
current: STOP
state:
OPEN
FAR
Distance:  0.69
Touch:  0.00
Touch:  0.00
current: STOP
state:
OPEN
FAR
Distance:  0.69
Touch:  0.00
Touch:  0.00
current: BACK
state:
OPEN
MID
Distance:  0.50
Touch:  0.00
Touch:  0.00
current: STOP
state:
OPEN
FAR
Distance:  0.60
Touch:  0.00
Touch:  0.00
current: BACK
state:
OPEN
MID
Distance:  0.42
Touch:  0.00
Touch:  0.00
current: BACK
state:
OPEN
MID
Distance:  0.39
Touch:  0.00
Touch:  0.00
current: BACK
state:
OPEN
MID
Distance:  0.41
Touch:  0.00
Touch:  0.00
current: STOP
state:
OPEN
FAR
Distance:  0.58
Touch:  0.00
Touch:  0.00
current: STOP
state:
OPEN
FAR
Distance:  0.74
Touch:  0.00
Touch:  0.00
current: STOP
state:
OPEN
FAR
Distance:  0.74
Touch:  0.00
Touch:  0.00
current: STOP
state:
OPEN
FAR
Distance:  0.75
Touch:  0.00
Touch:  0.00
current: STOP
state:
OPEN
FAR
Distance:  0.75
Touch:  0.00
Touch:  0.00
current: STOP
state:
OPEN
FAR
Distance:  0.74
Touch:  0.00
Touch:  0.00
current: STOP
state:
OPEN
FAR
Distance:  0.75
Touch:  0.00
Touch:  0.00
current: STOP
state:
OPEN
FAR
Distance:  0.74
Touch:  0.00
Touch:  0.00
current: STOP
state:
OPEN
FAR
Distance:  0.74
Touch:  0.00
Touch:  0.00
current: STOP
state:
OPEN
FAR
Distance:  0.74
Touch:  0.00
Touch:  0.00
current: STOP
state:
OPEN
FAR
Distance:  0.74
Touch:  0.00
Touch:  0.00
current: STOP
state:
OPEN
FAR
Distance:  0.74
Touch:  0.00
Touch:  0.00
current: STOP
state:
OPEN
FAR
Distance:  0.74
Touch:  0.00
Touch:  0.00
current: STOP
state:
OPEN
FAR
Distance:  0.74
Touch:  0.00
Touch:  0.00
QTable
(OPEN,CLOSE):STOP(Q:  1.09;V:3)BACK(Q:  1.80;V:25)
(OPEN,FAR):STOP(Q:  2.00;V:555)BACK(Q:  1.54;V:114)
(OPEN,MID):STOP(Q:  1.20;V:3)BACK(Q:  2.00;V:189)
(BUMPED,CLOSE):STOP(Q: -0.45;V:1)BACK(Q: -0.25;V:1)
(BUMPED,OPEN,CLOSE):STOP(Q: -0.29;V:3)BACK(Q: -0.69;V:2)

