current: STOP
state:
OPEN
CLOSE
Distance:  0.00
Touch:  0.00
Touch:  0.00
current: BACK
state:
OPEN
CLOSE
Distance:  0.00
Touch:  0.00
Touch:  0.00
current: BACK
state:
OPEN
CLOSE
Distance:  0.00
Touch:  0.00
Touch:  0.00
current: STOP
state:
OPEN
CLOSE
Distance:  0.00
Touch:  0.00
Touch:  0.00
current: STOP
state:
OPEN
FAR
Distance:  0.90
Touch:  0.00
Touch:  0.00
current: BACK
state:
OPEN
FAR
Distance:  0.91
Touch:  0.00
Touch:  0.00
current: BACK
state:
OPEN
FAR
Distance:  0.91
Touch:  0.00
Touch:  0.00
current: STOP
state:
OPEN
FAR
Distance:  0.96
Touch:  0.00
Touch:  0.00
current: BACK
state:
OPEN
FAR
Distance:  0.94
Touch:  0.00
Touch:  0.00
current: STOP
state:
OPEN
FAR
Distance:  0.95
Touch:  0.00
Touch:  0.00
current: BACK
state:
OPEN
FAR
Distance:  0.97
Touch:  0.00
Touch:  0.00
current: BACK
state:
OPEN
FAR
Distance:  1.08
Touch:  0.00
Touch:  0.00
current: BACK
state:
OPEN
FAR
Distance:  1.08
Touch:  0.00
Touch:  0.00
current: STOP
state:
OPEN
FAR
Distance:  1.10
Touch:  0.00
Touch:  0.00
current: BACK
state:
OPEN
FAR
Distance:  1.14
Touch:  0.00
Touch:  0.00
current: BACK
state:
OPEN
FAR
Distance:  1.14
Touch:  0.00
Touch:  0.00
current: BACK
state:
OPEN
FAR
Distance:  1.06
Touch:  0.00
Touch:  0.00
current: BACK
state:
OPEN
FAR
Distance:  1.18
Touch:  0.00
Touch:  0.00
current: STOP
state:
OPEN
FAR
Distance:  1.20
Touch:  0.00
Touch:  0.00
current: BACK
state:
OPEN
FAR
Distance:  1.22
Touch:  0.00
Touch:  0.00
current: BACK
state:
OPEN
FAR
Distance:  0.76
Touch:  0.00
Touch:  0.00
current: BACK
state:
OPEN
FAR
Distance:  1.24
Touch:  0.00
Touch:  0.00
current: BACK
state:
OPEN
FAR
Distance:  1.27
Touch:  0.00
Touch:  0.00
current: STOP
state:
OPEN
FAR
Distance:  1.28
Touch:  0.00
Touch:  0.00
current: BACK
state:
OPEN
FAR
Distance:  1.30
Touch:  0.00
Touch:  0.00
current: BACK
state:
OPEN
FAR
Distance:  1.29
Touch:  0.00
Touch:  0.00
current: BACK
state:
OPEN
FAR
Distance:  1.31
Touch:  0.00
Touch:  0.00
current: BACK
state:
OPEN
FAR
Distance:  1.32
Touch:  0.00
Touch:  0.00
current: BACK
state:
OPEN
FAR
Distance:  1.34
Touch:  0.00
Touch:  0.00
current: STOP
state:
OPEN
FAR
Distance:  1.35
Touch:  0.00
Touch:  0.00
current: BACK
state:
OPEN
FAR
Distance:  1.36
Touch:  0.00
Touch:  0.00
current: BACK
state:
OPEN
FAR
Distance:  1.36
Touch:  0.00
Touch:  0.00
current: BACK
state:
OPEN
FAR
Distance:  1.39
Touch:  0.00
Touch:  0.00
current: BACK
state:
OPEN
FAR
Distance:  1.39
Touch:  0.00
Touch:  0.00
current: BACK
state:
OPEN
FAR
Distance:  1.41
Touch:  0.00
Touch:  0.00
current: BACK
state:
OPEN
FAR
Distance:  1.42
Touch:  0.00
Touch:  0.00
current: BACK
state:
OPEN
FAR
Distance:  1.42
Touch:  0.00
Touch:  0.00
current: STOP
state:
OPEN
FAR
Distance:  1.45
Touch:  0.00
Touch:  0.00
current: BACK
state:
OPEN
FAR
Distance:  1.46
Touch:  0.00
Touch:  0.00
current: BACK
state:
OPEN
FAR
Distance:  1.47
Touch:  0.00
Touch:  0.00
current: BACK
state:
OPEN
FAR
Distance:  1.47
Touch:  0.00
Touch:  0.00
current: BACK
state:
OPEN
FAR
Distance:  1.50
Touch:  0.00
Touch:  0.00
current: BACK
state:
OPEN
FAR
Distance:  1.51
Touch:  0.00
Touch:  0.00
current: BACK
state:
OPEN
FAR
Distance:  1.53
Touch:  0.00
Touch:  0.00
current: BACK
state:
OPEN
FAR
Distance:  1.57
Touch:  0.00
Touch:  0.00
current: BACK
state:
OPEN
FAR
Distance:  1.70
Touch:  0.00
Touch:  0.00
current: STOP
state:
OPEN
MID
Distance:  0.33
Touch:  0.00
Touch:  0.00
current: STOP
state:
OPEN
FAR
Distance:  2.42
Touch:  0.00
Touch:  0.00
current: STOP
state:
OPEN
FAR
Distance:  2.42
Touch:  0.00
Touch:  0.00
current: STOP
state:
OPEN
FAR
Distance:  2.42
Touch:  0.00
Touch:  0.00
current: STOP
state:
OPEN
FAR
Distance: Infinity
Touch:  0.00
Touch:  0.00
current: STOP
state:
OPEN
FAR
Distance: Infinity
Touch:  0.00
Touch:  0.00
current: STOP
state:
OPEN
FAR
Distance: Infinity
Touch:  0.00
Touch:  0.00
current: STOP
state:
OPEN
FAR
Distance: Infinity
Touch:  0.00
Touch:  0.00
current: STOP
state:
OPEN
FAR
Distance: Infinity
Touch:  0.00
Touch:  0.00
current: STOP
state:
OPEN
FAR
Distance: Infinity
Touch:  0.00
Touch:  0.00
current: STOP
state:
OPEN
FAR
Distance: Infinity
Touch:  0.00
Touch:  0.00
current: STOP
state:
OPEN
FAR
Distance: Infinity
Touch:  0.00
Touch:  0.00
current: STOP
state:
OPEN
FAR
Distance: Infinity
Touch:  0.00
Touch:  0.00
current: STOP
state:
OPEN
FAR
Distance: Infinity
Touch:  0.00
Touch:  0.00
current: STOP
state:
OPEN
FAR
Distance: Infinity
Touch:  0.00
Touch:  0.00
current: STOP
state:
OPEN
FAR
Distance: Infinity
Touch:  0.00
Touch:  0.00
current: STOP
state:
OPEN
FAR
Distance: Infinity
Touch:  0.00
Touch:  0.00
current: STOP
state:
OPEN
FAR
Distance: Infinity
Touch:  0.00
Touch:  0.00
current: STOP
state:
OPEN
FAR
Distance: Infinity
Touch:  0.00
Touch:  0.00
current: STOP
state:
OPEN
FAR
Distance: Infinity
Touch:  0.00
Touch:  0.00
current: STOP
state:
OPEN
FAR
Distance: Infinity
Touch:  0.00
Touch:  0.00
current: STOP
state:
OPEN
FAR
Distance: Infinity
Touch:  0.00
Touch:  0.00
current: STOP
state:
OPEN
FAR
Distance: Infinity
Touch:  0.00
Touch:  0.00
current: STOP
state:
OPEN
FAR
Distance: Infinity
Touch:  0.00
Touch:  0.00
current: STOP
state:
OPEN
FAR
Distance: Infinity
Touch:  0.00
Touch:  0.00
current: STOP
state:
BUMPED
CLOSE
Distance:  0.05
Touch:  1.00
Touch:  1.00
current: BACK
state:
OPEN
CLOSE
Distance:  0.06
Touch:  0.00
Touch:  0.00
current: STOP
state:
OPEN
CLOSE
Distance:  0.11
Touch:  0.00
Touch:  0.00
current: BACK
state:
OPEN
MID
Distance:  0.21
Touch:  0.00
Touch:  0.00
current: BACK
state:
OPEN
MID
Distance:  0.20
Touch:  0.00
Touch:  0.00
current: BACK
state:
OPEN
CLOSE
Distance:  0.19
Touch:  0.00
Touch:  0.00
current: BACK
state:
OPEN
CLOSE
Distance:  0.17
Touch:  0.00
Touch:  0.00
current: BACK
state:
OPEN
CLOSE
Distance:  0.13
Touch:  0.00
Touch:  0.00
current: BACK
state:
OPEN
CLOSE
Distance:  0.10
Touch:  0.00
Touch:  0.00
current: STOP
state:
BUMPED
OPEN
CLOSE
Distance:  0.06
Touch:  1.00
Touch:  0.00
current: BACK
state:
OPEN
CLOSE
Distance:  0.14
Touch:  0.00
Touch:  0.00
current: BACK
state:
OPEN
CLOSE
Distance:  0.17
Touch:  0.00
Touch:  0.00
current: BACK
state:
OPEN
CLOSE
Distance:  0.18
Touch:  0.00
Touch:  0.00
current: STOP
state:
OPEN
MID
Distance:  0.26
Touch:  0.00
Touch:  0.00
current: BACK
state:
OPEN
MID
Distance:  0.33
Touch:  0.00
Touch:  0.00
current: STOP
state:
OPEN
MID
Distance:  0.32
Touch:  0.00
Touch:  0.00
current: BACK
state:
OPEN
MID
Distance:  0.32
Touch:  0.00
Touch:  0.00
current: BACK
state:
OPEN
MID
Distance:  0.33
Touch:  0.00
Touch:  0.00
current: BACK
state:
OPEN
MID
Distance:  0.25
Touch:  0.00
Touch:  0.00
current: BACK
state:
OPEN
MID
Distance:  0.25
Touch:  0.00
Touch:  0.00
current: BACK
state:
OPEN
MID
Distance:  0.34
Touch:  0.00
Touch:  0.00
current: BACK
state:
OPEN
MID
Distance:  0.30
Touch:  0.00
Touch:  0.00
current: STOP
state:
OPEN
MID
Distance:  0.29
Touch:  0.00
Touch:  0.00
current: BACK
state:
OPEN
CLOSE
Distance:  0.20
Touch:  0.00
Touch:  0.00
current: BACK
state:
OPEN
CLOSE
Distance:  0.16
Touch:  0.00
Touch:  0.00
current: BACK
state:
OPEN
CLOSE
Distance:  0.14
Touch:  0.00
Touch:  0.00
current: BACK
state:
OPEN
CLOSE
Distance:  0.11
Touch:  0.00
Touch:  0.00
current: BACK
state:
OPEN
CLOSE
Distance:  0.05
Touch:  0.00
Touch:  0.00
current: BACK
state:
OPEN
CLOSE
Distance:  0.05
Touch:  0.00
Touch:  0.00
current: BACK
state:
OPEN
CLOSE
Distance:  0.08
Touch:  0.00
Touch:  0.00
current: BACK
state:
OPEN
CLOSE
Distance:  0.13
Touch:  0.00
Touch:  0.00
current: BACK
state:
OPEN
CLOSE
Distance:  0.19
Touch:  0.00
Touch:  0.00
current: BACK
state:
OPEN
MID
Distance:  0.21
Touch:  0.00
Touch:  0.00
current: BACK
state:
OPEN
CLOSE
Distance:  0.20
Touch:  0.00
Touch:  0.00
current: BACK
state:
OPEN
CLOSE
Distance:  0.18
Touch:  0.00
Touch:  0.00
current: BACK
state:
OPEN
CLOSE
Distance:  0.18
Touch:  0.00
Touch:  0.00
current: BACK
state:
OPEN
CLOSE
Distance:  0.20
Touch:  0.00
Touch:  0.00
current: STOP
state:
OPEN
MID
Distance:  0.23
Touch:  0.00
Touch:  0.00
current: STOP
state:
OPEN
MID
Distance:  0.23
Touch:  0.00
Touch:  0.00
current: STOP
state:
OPEN
MID
Distance:  0.24
Touch:  0.00
Touch:  0.00
current: STOP
state:
OPEN
MID
Distance:  0.25
Touch:  0.00
Touch:  0.00
current: STOP
state:
OPEN
MID
Distance:  0.33
Touch:  0.00
Touch:  0.00
current: STOP
state:
OPEN
MID
Distance:  0.33
Touch:  0.00
Touch:  0.00
current: STOP
state:
OPEN
MID
Distance:  0.33
Touch:  0.00
Touch:  0.00
current: STOP
state:
OPEN
MID
Distance:  0.27
Touch:  0.00
Touch:  0.00
current: STOP
state:
OPEN
MID
Distance:  0.25
Touch:  0.00
Touch:  0.00
current: STOP
state:
OPEN
MID
Distance:  0.21
Touch:  0.00
Touch:  0.00
current: BACK
state:
OPEN
CLOSE
Distance:  0.18
Touch:  0.00
Touch:  0.00
current: BACK
state:
OPEN
CLOSE
Distance:  0.13
Touch:  0.00
Touch:  0.00
current: BACK
state:
OPEN
CLOSE
Distance:  0.14
Touch:  0.00
Touch:  0.00
current: BACK
state:
OPEN
CLOSE
Distance:  0.16
Touch:  0.00
Touch:  0.00
current: BACK
state:
OPEN
CLOSE
Distance:  0.18
Touch:  0.00
Touch:  0.00
current: BACK
state:
OPEN
CLOSE
Distance:  0.18
Touch:  0.00
Touch:  0.00
current: STOP
state:
OPEN
MID
Distance:  0.22
Touch:  0.00
Touch:  0.00
current: STOP
state:
OPEN
MID
Distance:  0.24
Touch:  0.00
Touch:  0.00
current: STOP
state:
OPEN
MID
Distance:  0.22
Touch:  0.00
Touch:  0.00
current: BACK
state:
OPEN
CLOSE
Distance:  0.20
Touch:  0.00
Touch:  0.00
current: BACK
state:
OPEN
CLOSE
Distance:  0.14
Touch:  0.00
Touch:  0.00
current: BACK
state:
OPEN
CLOSE
Distance:  0.11
Touch:  0.00
Touch:  0.00
current: BACK
state:
OPEN
CLOSE
Distance:  0.11
Touch:  0.00
Touch:  0.00
current: BACK
state:
OPEN
CLOSE
Distance:  0.14
Touch:  0.00
Touch:  0.00
current: BACK
state:
OPEN
CLOSE
Distance:  0.16
Touch:  0.00
Touch:  0.00
current: BACK
state:
OPEN
CLOSE
Distance:  0.19
Touch:  0.00
Touch:  0.00
current: BACK
state:
OPEN
CLOSE
Distance:  0.18
Touch:  0.00
Touch:  0.00
current: BACK
state:
OPEN
CLOSE
Distance:  0.18
Touch:  0.00
Touch:  0.00
current: BACK
state:
OPEN
CLOSE
Distance:  0.18
Touch:  0.00
Touch:  0.00
current: STOP
state:
OPEN
MID
Distance:  0.21
Touch:  0.00
Touch:  0.00
current: STOP
state:
OPEN
MID
Distance:  0.23
Touch:  0.00
Touch:  0.00
current: STOP
state:
OPEN
MID
Distance:  0.22
Touch:  0.00
Touch:  0.00
current: STOP
state:
OPEN
MID
Distance:  0.21
Touch:  0.00
Touch:  0.00
current: BACK
state:
OPEN
CLOSE
Distance:  0.18
Touch:  0.00
Touch:  0.00
current: BACK
state:
OPEN
CLOSE
Distance:  0.16
Touch:  0.00
Touch:  0.00
current: BACK
state:
OPEN
CLOSE
Distance:  0.13
Touch:  0.00
Touch:  0.00
current: BACK
state:
OPEN
CLOSE
Distance:  0.10
Touch:  0.00
Touch:  0.00
current: BACK
state:
OPEN
CLOSE
Distance:  0.12
Touch:  0.00
Touch:  0.00
current: BACK
state:
OPEN
CLOSE
Distance:  0.12
Touch:  0.00
Touch:  0.00
current: BACK
state:
OPEN
CLOSE
Distance:  0.14
Touch:  0.00
Touch:  0.00
current: BACK
state:
OPEN
CLOSE
Distance:  0.15
Touch:  0.00
Touch:  0.00
current: BACK
state:
OPEN
CLOSE
Distance:  0.17
Touch:  0.00
Touch:  0.00
current: BACK
state:
OPEN
CLOSE
Distance:  0.18
Touch:  0.00
Touch:  0.00
current: STOP
state:
OPEN
MID
Distance:  0.32
Touch:  0.00
Touch:  0.00
current: STOP
state:
OPEN
MID
Distance:  0.23
Touch:  0.00
Touch:  0.00
current: STOP
state:
OPEN
MID
Distance:  0.22
Touch:  0.00
Touch:  0.00
current: BACK
state:
OPEN
CLOSE
Distance:  0.20
Touch:  0.00
Touch:  0.00
current: BACK
state:
OPEN
CLOSE
Distance:  0.17
Touch:  0.00
Touch:  0.00
current: BACK
state:
OPEN
CLOSE
Distance:  0.14
Touch:  0.00
Touch:  0.00
current: BACK
state:
OPEN
CLOSE
Distance:  0.11
Touch:  0.00
Touch:  0.00
current: STOP
state:
BUMPED
FAR
Distance:  1.68
Touch:  1.00
Touch:  1.00
current: STOP
state:
OPEN
FAR
Distance: Infinity
Touch:  0.00
Touch:  0.00
current: STOP
state:
OPEN
FAR
Distance: Infinity
Touch:  0.00
Touch:  0.00
current: STOP
state:
OPEN
FAR
Distance: Infinity
Touch:  0.00
Touch:  0.00
current: STOP
state:
OPEN
FAR
Distance: Infinity
Touch:  0.00
Touch:  0.00
current: STOP
state:
OPEN
FAR
Distance: Infinity
Touch:  0.00
Touch:  0.00
current: BACK
state:
OPEN
CLOSE
Distance:  0.14
Touch:  0.00
Touch:  0.00
current: BACK
state:
OPEN
CLOSE
Distance:  0.13
Touch:  0.00
Touch:  0.00
current: BACK
state:
OPEN
CLOSE
Distance:  0.11
Touch:  0.00
Touch:  0.00
current: BACK
state:
OPEN
CLOSE
Distance:  0.13
Touch:  0.00
Touch:  0.00
current: BACK
state:
OPEN
CLOSE
Distance:  0.13
Touch:  0.00
Touch:  0.00
current: BACK
state:
OPEN
CLOSE
Distance:  0.15
Touch:  0.00
Touch:  0.00
current: BACK
state:
OPEN
CLOSE
Distance:  0.16
Touch:  0.00
Touch:  0.00
current: BACK
state:
OPEN
CLOSE
Distance:  0.17
Touch:  0.00
Touch:  0.00
current: BACK
state:
OPEN
CLOSE
Distance:  0.18
Touch:  0.00
Touch:  0.00
current: BACK
state:
OPEN
CLOSE
Distance:  0.19
Touch:  0.00
Touch:  0.00
current: BACK
state:
OPEN
CLOSE
Distance:  0.19
Touch:  0.00
Touch:  0.00
current: STOP
state:
OPEN
MID
Distance:  0.23
Touch:  0.00
Touch:  0.00
current: STOP
state:
OPEN
FAR
Distance:  1.20
Touch:  0.00
Touch:  0.00
current: STOP
state:
OPEN
FAR
Distance: Infinity
Touch:  0.00
Touch:  0.00
current: STOP
state:
OPEN
FAR
Distance: Infinity
Touch:  0.00
Touch:  0.00
current: STOP
state:
OPEN
FAR
Distance: Infinity
Touch:  0.00
Touch:  0.00
current: STOP
state:
OPEN
FAR
Distance:  0.61
Touch:  0.00
Touch:  0.00
current: STOP
state:
OPEN
FAR
Distance: Infinity
Touch:  0.00
Touch:  0.00
current: STOP
state:
OPEN
FAR
Distance: Infinity
Touch:  0.00
Touch:  0.00
current: STOP
state:
OPEN
FAR
Distance: Infinity
Touch:  0.00
Touch:  0.00
current: STOP
state:
OPEN
FAR
Distance: Infinity
Touch:  0.00
Touch:  0.00
current: STOP
state:
OPEN
FAR
Distance: Infinity
Touch:  0.00
Touch:  0.00
current: STOP
state:
OPEN
FAR
Distance: Infinity
Touch:  0.00
Touch:  0.00
current: STOP
state:
OPEN
FAR
Distance: Infinity
Touch:  0.00
Touch:  0.00
current: STOP
state:
OPEN
FAR
Distance: Infinity
Touch:  0.00
Touch:  0.00
current: STOP
state:
OPEN
FAR
Distance: Infinity
Touch:  0.00
Touch:  0.00
current: STOP
state:
OPEN
FAR
Distance: Infinity
Touch:  0.00
Touch:  0.00
current: STOP
state:
OPEN
FAR
Distance: Infinity
Touch:  0.00
Touch:  0.00
current: STOP
state:
OPEN
FAR
Distance: Infinity
Touch:  0.00
Touch:  0.00
current: STOP
state:
OPEN
FAR
Distance: Infinity
Touch:  0.00
Touch:  0.00
current: STOP
state:
OPEN
FAR
Distance:  0.86
Touch:  0.00
Touch:  0.00
current: STOP
state:
OPEN
FAR
Distance:  0.85
Touch:  0.00
Touch:  0.00
current: BACK
state:
OPEN
CLOSE
Distance:  0.06
Touch:  0.00
Touch:  0.00
current: BACK
state:
OPEN
CLOSE
Distance:  0.06
Touch:  0.00
Touch:  0.00
current: BACK
state:
OPEN
CLOSE
Distance:  0.05
Touch:  0.00
Touch:  0.00
current: BACK
state:
OPEN
CLOSE
Distance:  0.08
Touch:  0.00
Touch:  0.00
current: BACK
state:
OPEN
CLOSE
Distance:  0.09
Touch:  0.00
Touch:  0.00
current: BACK
state:
OPEN
CLOSE
Distance:  0.11
Touch:  0.00
Touch:  0.00
current: BACK
state:
OPEN
CLOSE
Distance:  0.13
Touch:  0.00
Touch:  0.00
current: BACK
state:
OPEN
CLOSE
Distance:  0.18
Touch:  0.00
Touch:  0.00
current: STOP
state:
OPEN
FAR
Distance:  0.85
Touch:  0.00
Touch:  0.00
current: STOP
state:
OPEN
FAR
Distance:  2.48
Touch:  0.00
Touch:  0.00
current: STOP
state:
OPEN
FAR
Distance:  2.49
Touch:  0.00
Touch:  0.00
current: STOP
state:
OPEN
FAR
Distance:  2.49
Touch:  0.00
Touch:  0.00
current: STOP
state:
OPEN
FAR
Distance:  2.48
Touch:  0.00
Touch:  0.00
current: STOP
state:
OPEN
FAR
Distance:  0.79
Touch:  0.00
Touch:  0.00
current: STOP
state:
OPEN
FAR
Distance:  0.79
Touch:  0.00
Touch:  0.00
current: STOP
state:
OPEN
FAR
Distance:  0.79
Touch:  0.00
Touch:  0.00
current: STOP
state:
OPEN
FAR
Distance:  2.47
Touch:  0.00
Touch:  0.00
current: STOP
state:
OPEN
FAR
Distance:  2.47
Touch:  0.00
Touch:  0.00
current: STOP
state:
OPEN
FAR
Distance:  2.48
Touch:  0.00
Touch:  0.00
current: STOP
state:
OPEN
FAR
Distance:  2.48
Touch:  0.00
Touch:  0.00
QTable
(OPEN,FAR):STOP(Q:  1.90;V:68)BACK(Q:  0.02;V:34)
(BUMPED,FAR):STOP(Q: -0.11;V:1)BACK(Q:  0.00;V:0)
(BUMPED,OPEN,CLOSE):STOP(Q: -0.50;V:1)BACK(Q:  0.00;V:0)
(OPEN,MID):STOP(Q:  1.04;V:25)BACK(Q:  0.17;V:10)
(BUMPED,CLOSE):STOP(Q: -0.36;V:1)BACK(Q:  0.00;V:0)
(OPEN,CLOSE):STOP(Q:  0.02;V:3)BACK(Q:  0.41;V:72)

